Game 1 and File Name wcup21-game104
Player: Black Move Number: 0 Move: g8f6 Piece: None Number of Better Moves: 1 Entropy: -0.0 Conditional Entropy: -0.0 Joint Entropy: -0.0
Player: Black Move Number: 1 Move: d7d5 Piece: None Number of Better Moves: 1 Entropy: -0.0 Conditional Entropy: -0.0 Joint Entropy: -0.0
Player: Black Move Number: 2 Move: c7c6 Piece: None Number of Better Moves: 1 Entropy: -0.0 Conditional Entropy: -0.0 Joint Entropy: -0.0
Player: Black Move Number: 3 Move: c8f5 Piece: None Number of Better Moves: 1 Entropy: -0.0 Conditional Entropy: -0.0 Joint Entropy: -0.0
Player: Black Move Number: 4 Move: e7e6 Piece: None Number of Better Moves: 1 Entropy: -0.0 Conditional Entropy: -0.0 Joint Entropy: -0.0
Player: Black Move Number: 5 Move: f5e4 Piece: None Number of Better Moves: 1 Entropy: -0.0 Conditional Entropy: -0.0 Joint Entropy: -0.0
Player: Black Move Number: 6 Move: e4g6 Piece: None Number of Better Moves: 1 Entropy: -0.0 Conditional Entropy: -0.0 Joint Entropy: -0.0
Player: Black Move Number: 7 Move: d8c7 Piece: None Number of Better Moves: 1 Entropy: -0.0 Conditional Entropy: -0.0 Joint Entropy: -0.0
Player: Black Move Number: 8 Move: f8e7 Piece: None Number of Better Moves: 1 Entropy: -0.0 Conditional Entropy: -0.0 Joint Entropy: -0.0
Player: Black Move Number: 9 Move: a7a6 Piece: None Number of Better Moves: 1 Entropy: -0.0 Conditional Entropy: -0.0 Joint Entropy: -0.0
Player: Black Move Number: 10 Move: h7g6 Piece: N Number of Better Moves: 1 Entropy: -0.0 Conditional Entropy: -0.0 Joint Entropy: -0.0
Player: Black Move Number: 11 Move: c6d5 Piece: P Number of Better Moves: 1 Entropy: -0.0 Conditional Entropy: -0.0 Joint Entropy: -0.0
Player: Black Move Number: 12 Move: b8c6 Piece: None Number of Better Moves: 1 Entropy: -0.0 Conditional Entropy: -0.0 Joint Entropy: -0.0
Player: Black Move Number: 13 Move: a8b8 Piece: None Number of Better Moves: 1 Entropy: -0.0 Conditional Entropy: -0.0 Joint Entropy: -0.0
Player: Black Move Number: 14 Move: e7d6 Piece: None Number of Better Moves: 1 Entropy: -0.0 Conditional Entropy: -0.0 Joint Entropy: -0.0
Player: Black Move Number: 15 Move: f6d7 Piece: None Number of Better Moves: 1 Entropy: -0.0 Conditional Entropy: -0.0 Joint Entropy: -0.0
Player: Black Move Number: 16 Move: c6a5 Piece: None Number of Better Moves: 1 Entropy: -0.0 Conditional Entropy: -0.0 Joint Entropy: -0.0
Player: Black Move Number: 17 Move: a5c4 Piece: None Number of Better Moves: 1 Entropy: -0.0 Conditional Entropy: -0.0 Joint Entropy: -0.0
Player: Black Move Number: 18 Move: d6e7 Piece: None Number of Better Moves: 1 Entropy: -0.0 Conditional Entropy: -0.0 Joint Entropy: -0.0
Player: Black Move Number: 19 Move: c7b6 Piece: None Number of Better Moves: 1 Entropy: -0.0 Conditional Entropy: -0.0 Joint Entropy: -0.0
Player: Black Move Number: 20 Move: d5c4 Piece: R Number of Better Moves: 1 Entropy: -0.0 Conditional Entropy: -0.0 Joint Entropy: -0.0
Player: Black Move Number: 21 Move: b8d8 Piece: None Number of Better Moves: 1 Entropy: -0.0 Conditional Entropy: -0.0 Joint Entropy: -0.0
Player: Black Move Number: 22 Move: d7b8 Piece: None Number of Better Moves: 1 Entropy: -0.0 Conditional Entropy: -0.0 Joint Entropy: -0.0
Player: Black Move Number: 23 Move: g6f5 Piece: P Number of Better Moves: 1 Entropy: -0.0 Conditional Entropy: -0.0 Joint Entropy: -0.0
Player: Black Move Number: 24 Move: e6f5 Piece: P Number of Better Moves: 1 Entropy: -0.0 Conditional Entropy: -0.0 Joint Entropy: -0.0
Player: Black Move Number: 25 Move: b6e6 Piece: None Number of Better Moves: 1 Entropy: -0.0 Conditional Entropy: -0.0 Joint Entropy: -0.0
Player: Black Move Number: 26 Move: h8h4 Piece: None Number of Better Moves: 1 Entropy: -0.0 Conditional Entropy: -0.0 Joint Entropy: -0.0
Player: Black Move Number: 27 Move: e6g6 Piece: None Number of Better Moves: 1 Entropy: -0.0 Conditional Entropy: -0.0 Joint Entropy: -0.0
Player: Black Move Number: 28 Move: e7g5 Piece: None Number of Better Moves: 1 Entropy: -0.0 Conditional Entropy: -0.0 Joint Entropy: -0.0
Player: Black Move Number: 29 Move: h4h2 Piece: P Number of Better Moves: 1 Entropy: -0.0 Conditional Entropy: -0.0 Joint Entropy: -0.0
Player: Black Move Number: 30 Move: e8f8 Piece: None Number of Better Moves: 1 Entropy: -0.0 Conditional Entropy: -0.0 Joint Entropy: -0.0
Player: Black Move Number: 31 Move: h2d2 Piece: B Number of Better Moves: 1 Entropy: -0.0 Conditional Entropy: -0.0 Joint Entropy: -0.0
Player: Black Move Number: 32 Move: b8d7 Piece: None Number of Better Moves: 1 Entropy: -0.0 Conditional Entropy: -0.0 Joint Entropy: -0.0
Player: Black Move Number: 33 Move: g6b6 Piece: None Number of Better Moves: 1 Entropy: -0.0 Conditional Entropy: -0.0 Joint Entropy: -0.0
Player: Black Move Number: 34 Move: b6h6 Piece: None Number of Better Moves: 1 Entropy: -0.0 Conditional Entropy: -0.0 Joint Entropy: -0.0
Player: Black Move Number: 35 Move: g5d2 Piece: R Number of Better Moves: 1 Entropy: -0.0 Conditional Entropy: -0.0 Joint Entropy: -0.0
Player: Black Move Number: 36 Move: h6f4 Piece: None Number of Better Moves: 1 Entropy: -0.0 Conditional Entropy: -0.0 Joint Entropy: -0.0
Player: Black Move Number: 37 Move: d2c3 Piece: N Number of Better Moves: 1 Entropy: -0.0 Conditional Entropy: -0.0 Joint Entropy: -0.0
Player: Black Move Number: 38 Move: f8g8 Piece: None Number of Better Moves: 1 Entropy: -0.0 Conditional Entropy: -0.0 Joint Entropy: -0.0
Player: Black Move Number: 39 Move: f4f5 Piece: None Number of Better Moves: 1 Entropy: -0.0 Conditional Entropy: -0.0 Joint Entropy: -0.0
Player: Black Move Number: 40 Move: f5g5 Piece: None Number of Better Moves: 1 Entropy: -0.0 Conditional Entropy: -0.0 Joint Entropy: -0.0
Game 2 and File Name wcup21-game105
