Game 1 and File Name wcup21-game104
Player: Black Move Number: 0 Move: g8f6 Piece: None Number of Better Moves: 11 Entropy: 3.459431618637298 Conditional Entropy: 76.10749561002054 Joint Entropy: 1.2579751340499268
Player: Black Move Number: 1 Move: d7d5 Piece: None Number of Better Moves: 13 Entropy: 3.7004397181410926 Conditional Entropy: 74.00879436282185 Joint Entropy: 1.4302845363074064
Player: Black Move Number: 2 Move: c7c6 Piece: None Number of Better Moves: 15 Entropy: 3.906890595608518 Conditional Entropy: 113.299827272647 Joint Entropy: 1.0653005714872268
Player: Black Move Number: 3 Move: c8f5 Piece: None Number of Better Moves: 13 Entropy: 3.7004397181410926 Conditional Entropy: 81.40967379910404 Joint Entropy: 1.2918634515455976
Player: Black Move Number: 4 Move: e7e6 Piece: None Number of Better Moves: 12 Entropy: 3.584962500721156 Conditional Entropy: 89.62406251802892 Joint Entropy: 1.1675324068689503
Player: Black Move Number: 5 Move: f5e4 Piece: None Number of Better Moves: 11 Entropy: 3.459431618637298 Conditional Entropy: 62.26976913547134 Joint Entropy: 1.464963087435172
Player: Black Move Number: 6 Move: e4g6 Piece: None Number of Better Moves: 11 Entropy: 3.459431618637298 Conditional Entropy: 79.56692722865783 Joint Entropy: 1.2274323086760943
Player: Black Move Number: 7 Move: d8c7 Piece: None Number of Better Moves: 12 Entropy: 3.584962500721156 Conditional Entropy: 93.2090250187501 Joint Entropy: 1.1440491249538554
Player: Black Move Number: 8 Move: f8e7 Piece: None Number of Better Moves: 13 Entropy: 3.7004397181410926 Conditional Entropy: 88.81055323538624 Joint Entropy: 1.2016567278509187
Player: Black Move Number: 9 Move: a7a6 Piece: None Number of Better Moves: 9 Entropy: 3.169925001442312 Conditional Entropy: 63.39850002884628 Joint Entropy: 1.3392639636524457
Player: Black Move Number: 10 Move: h7g6 Piece: N Number of Better Moves: 11 Entropy: 3.459431618637298 Conditional Entropy: 72.64806399138324 Joint Entropy: 1.2946232180365262
Player: Black Move Number: 11 Move: c6d5 Piece: P Number of Better Moves: 7 Entropy: 2.8073549220576046 Conditional Entropy: 56.1470984411521 Joint Entropy: 1.4302845363074064
Player: Black Move Number: 12 Move: b8c6 Piece: None Number of Better Moves: 13 Entropy: 3.7004397181410926 Conditional Entropy: 85.11011351724514 Joint Entropy: 1.2424189207665728
Player: Black Move Number: 13 Move: a8b8 Piece: None Number of Better Moves: 9 Entropy: 3.169925001442312 Conditional Entropy: 57.05865002596165 Joint Entropy: 1.4088555561965836
Player: Black Move Number: 14 Move: e7d6 Piece: None Number of Better Moves: 9 Entropy: 3.169925001442312 Conditional Entropy: 63.39850002884628 Joint Entropy: 1.3392639636524457
Player: Black Move Number: 15 Move: f6d7 Piece: None Number of Better Moves: 11 Entropy: 3.459431618637298 Conditional Entropy: 69.18863237274594 Joint Entropy: 1.3392639636524457
Player: Black Move Number: 16 Move: c6a5 Piece: None Number of Better Moves: 12 Entropy: 3.584962500721156 Conditional Entropy: 86.03910001730777 Joint Entropy: 1.1949875002403854
Player: Black Move Number: 17 Move: a5c4 Piece: None Number of Better Moves: 11 Entropy: 3.459431618637298 Conditional Entropy: 83.02635884729513 Joint Entropy: 1.2016567278509187
Player: Black Move Number: 18 Move: d6e7 Piece: None Number of Better Moves: 11 Entropy: 3.459431618637298 Conditional Entropy: 76.10749561002054 Joint Entropy: 1.2579751340499268
Player: Black Move Number: 19 Move: c7b6 Piece: None Number of Better Moves: 11 Entropy: 3.459431618637298 Conditional Entropy: 51.89147427955945 Joint Entropy: 1.8611698699899883
Player: Black Move Number: 20 Move: d5c4 Piece: R Number of Better Moves: 9 Entropy: 3.169925001442312 Conditional Entropy: 57.05865002596165 Joint Entropy: 1.4088555561965836
Player: Black Move Number: 21 Move: b8d8 Piece: None Number of Better Moves: 7 Entropy: 2.8073549220576046 Conditional Entropy: 53.3397435190945 Joint Entropy: 1.4458813218190052
Player: Black Move Number: 22 Move: d7b8 Piece: None Number of Better Moves: 11 Entropy: 3.459431618637298 Conditional Entropy: 65.72920075410865 Joint Entropy: 1.3946500085694165
Player: Black Move Number: 23 Move: g6f5 Piece: P Number of Better Moves: 9 Entropy: 3.169925001442312 Conditional Entropy: 63.39850002884628 Joint Entropy: 1.3392639636524457
Player: Black Move Number: 24 Move: e6f5 Piece: P Number of Better Moves: 14 Entropy: 3.8073549220576055 Conditional Entropy: 87.56916320732488 Joint Entropy: 1.273630462226175
Player: Black Move Number: 25 Move: b6e6 Piece: None Number of Better Moves: 9 Entropy: 3.169925001442312 Conditional Entropy: 66.5684250302886 Joint Entropy: 1.3134503476428963
Player: Black Move Number: 26 Move: h8h4 Piece: None Number of Better Moves: 16 Entropy: 4.0 Conditional Entropy: 120.0 Joint Entropy: 1.0456278913470005
Player: Black Move Number: 27 Move: e6g6 Piece: None Number of Better Moves: 9 Entropy: 3.169925001442312 Conditional Entropy: 66.5684250302886 Joint Entropy: 1.3134503476428963
Player: Black Move Number: 28 Move: e7g5 Piece: None Number of Better Moves: 12 Entropy: 3.584962500721156 Conditional Entropy: 82.45413751658661 Joint Entropy: 1.2274323086760943
Player: Black Move Number: 29 Move: h4h2 Piece: P Number of Better Moves: 10 Entropy: 3.321928094887362 Conditional Entropy: 69.76048999263462 Joint Entropy: 1.2946232180365262
Player: Black Move Number: 30 Move: e8f8 Piece: None Number of Better Moves: 5 Entropy: 2.321928094887362 Conditional Entropy: 44.11663380285988 Joint Entropy: 1.6636625331707773
Player: Black Move Number: 31 Move: h2d2 Piece: B Number of Better Moves: 11 Entropy: 3.459431618637298 Conditional Entropy: 83.02635884729513 Joint Entropy: 1.2016567278509187
Player: Black Move Number: 32 Move: b8d7 Piece: None Number of Better Moves: 13 Entropy: 3.7004397181410926 Conditional Entropy: 118.41407098051502 Joint Entropy: 1.0297479814198773
Player: Black Move Number: 33 Move: g6b6 Piece: None Number of Better Moves: 13 Entropy: 3.7004397181410926 Conditional Entropy: 107.31275182609173 Joint Entropy: 1.073618999163903
Player: Black Move Number: 34 Move: b6h6 Piece: None Number of Better Moves: 13 Entropy: 3.7004397181410926 Conditional Entropy: 103.61231210795063 Joint Entropy: 1.09233460915379
Player: Black Move Number: 35 Move: g5d2 Piece: R Number of Better Moves: 10 Entropy: 3.321928094887362 Conditional Entropy: 66.43856189774725 Joint Entropy: 1.3287712379549448
Player: Black Move Number: 36 Move: h6f4 Piece: None Number of Better Moves: 9 Entropy: 3.169925001442312 Conditional Entropy: 60.22857502740396 Joint Entropy: 1.3705023203362647
Player: Black Move Number: 37 Move: d2c3 Piece: N Number of Better Moves: 18 Entropy: 4.169925001442313 Conditional Entropy: 112.58797503894242 Joint Entropy: 1.2233083338141046
Player: Black Move Number: 38 Move: f8g8 Piece: None Number of Better Moves: 21 Entropy: 4.39231742277876 Conditional Entropy: 162.51574464281424 Joint Entropy: 0.9241540019131368
Player: Black Move Number: 39 Move: f4f5 Piece: None Number of Better Moves: 12 Entropy: 3.584962500721156 Conditional Entropy: 89.62406251802892 Joint Entropy: 1.1675324068689503
Player: Black Move Number: 40 Move: f5g5 Piece: None Number of Better Moves: 15 Entropy: 3.906890595608518 Conditional Entropy: 113.299827272647 Joint Entropy: 1.0653005714872268
Game 2 and File Name wcup21-game105
Player: Black Move Number: 0 Move: g8f6 Piece: None Number of Better Moves: 11 Entropy: 3.459431618637298 Conditional Entropy: 79.56692722865783 Joint Entropy: 1.2274323086760943
Player: Black Move Number: 1 Move: g7g6 Piece: None Number of Better Moves: 13 Entropy: 3.7004397181410926 Conditional Entropy: 88.81055323538624 Joint Entropy: 1.2016567278509187
Player: Black Move Number: 2 Move: c7c5 Piece: None Number of Better Moves: 12 Entropy: 3.584962500721156 Conditional Entropy: 89.62406251802892 Joint Entropy: 1.1675324068689503
Player: Black Move Number: 3 Move: b7b5 Piece: None Number of Better Moves: 9 Entropy: 3.169925001442312 Conditional Entropy: 69.7383500317309 Joint Entropy: 1.2918634515455976
Player: Black Move Number: 4 Move: a7a6 Piece: None Number of Better Moves: 12 Entropy: 3.584962500721156 Conditional Entropy: 89.62406251802892 Joint Entropy: 1.1675324068689503
Player: Black Move Number: 5 Move: c8a6 Piece: P Number of Better Moves: 14 Entropy: 3.8073549220576055 Conditional Entropy: 91.37651812938248 Joint Entropy: 1.2221628029048512
Player: Black Move Number: 6 Move: f8g7 Piece: None Number of Better Moves: 13 Entropy: 3.7004397181410926 Conditional Entropy: 92.51099295352734 Joint Entropy: 1.1675324068689503
Player: Black Move Number: 7 Move: d8a5 Piece: None Number of Better Moves: 13 Entropy: 3.7004397181410926 Conditional Entropy: 66.60791492653965 Joint Entropy: 1.6677326251463416
Player: Black Move Number: 8 Move: f6e4 Piece: None Number of Better Moves: 14 Entropy: 3.8073549220576055 Conditional Entropy: 79.95445336320968 Joint Entropy: 1.4174378237389729
Player: Black Move Number: 9 Move: e4c3 Piece: N Number of Better Moves: 7 Entropy: 2.8073549220576046 Conditional Entropy: 64.56916320732492 Joint Entropy: 1.3979389572082586
Player: Black Move Number: 10 Move: a5a6 Piece: B Number of Better Moves: 13 Entropy: 3.7004397181410926 Conditional Entropy: 99.91187238980953 Joint Entropy: 1.1137937103591478
Player: Black Move Number: 11 Move: d7d6 Piece: None Number of Better Moves: 13 Entropy: 3.7004397181410926 Conditional Entropy: 88.81055323538624 Joint Entropy: 1.2016567278509187
Player: Black Move Number: 12 Move: b8d7 Piece: None Number of Better Moves: 16 Entropy: 4.0 Conditional Entropy: 116.0 Joint Entropy: 1.073618999163903
Player: Black Move Number: 13 Move: e8g8 Piece: None Number of Better Moves: 15 Entropy: 3.906890595608518 Conditional Entropy: 105.48604608142996 Joint Entropy: 1.1237779644494512
Player: Black Move Number: 14 Move: f8b8 Piece: None Number of Better Moves: 13 Entropy: 3.7004397181410926 Conditional Entropy: 81.40967379910404 Joint Entropy: 1.2918634515455976
Player: Black Move Number: 15 Move: a6f6 Piece: None Number of Better Moves: 12 Entropy: 3.584962500721156 Conditional Entropy: 100.37895002019242 Joint Entropy: 1.1061403646885013
Player: Black Move Number: 16 Move: f6f4 Piece: B Number of Better Moves: 11 Entropy: 3.459431618637298 Conditional Entropy: 79.56692722865783 Joint Entropy: 1.2274323086760943
Player: Black Move Number: 17 Move: f4d6 Piece: None Number of Better Moves: 9 Entropy: 3.169925001442312 Conditional Entropy: 63.39850002884628 Joint Entropy: 1.3392639636524457
Player: Black Move Number: 18 Move: b8e8 Piece: None Number of Better Moves: 9 Entropy: 3.169925001442312 Conditional Entropy: 66.5684250302886 Joint Entropy: 1.3134503476428963
Player: Black Move Number: 19 Move: d7b6 Piece: None Number of Better Moves: 9 Entropy: 3.169925001442312 Conditional Entropy: 66.5684250302886 Joint Entropy: 1.3134503476428963
Player: Black Move Number: 20 Move: a8a7 Piece: None Number of Better Moves: 13 Entropy: 3.7004397181410926 Conditional Entropy: 81.40967379910404 Joint Entropy: 1.2918634515455976
Player: Black Move Number: 21 Move: g7d4 Piece: None Number of Better Moves: 9 Entropy: 3.169925001442312 Conditional Entropy: 47.5488750216347 Joint Entropy: 1.5985798617120741
Player: Black Move Number: 22 Move: d6e5 Piece: None Number of Better Moves: 15 Entropy: 3.906890595608518 Conditional Entropy: 105.48604608142996 Joint Entropy: 1.1237779644494512
Player: Black Move Number: 23 Move: f7f5 Piece: None Number of Better Moves: 8 Entropy: 3.0 Conditional Entropy: 42.0 Joint Entropy: 1.6289473960436702
Player: Black Move Number: 24 Move: b6c8 Piece: None Number of Better Moves: 12 Entropy: 3.584962500721156 Conditional Entropy: 86.03910001730777 Joint Entropy: 1.1949875002403854
Player: Black Move Number: 25 Move: e5e2 Piece: Q Number of Better Moves: 6 Entropy: 2.584962500721156 Conditional Entropy: 49.114287513701946 Joint Entropy: 1.5310595148510604
Player: Black Move Number: 26 Move: c8d6 Piece: P Number of Better Moves: 11 Entropy: 3.459431618637298 Conditional Entropy: 86.48579046593242 Joint Entropy: 1.1796731397231979
Player: Black Move Number: 27 Move: c5d4 Piece: N Number of Better Moves: 9 Entropy: 3.169925001442312 Conditional Entropy: 72.90827503317321 Joint Entropy: 1.273630462226175
Player: Black Move Number: 28 Move: a7e7 Piece: P Number of Better Moves: 13 Entropy: 3.7004397181410926 Conditional Entropy: 99.91187238980953 Joint Entropy: 1.1137937103591478
Player: Black Move Number: 29 Move: e8e7 Piece: R Number of Better Moves: 17 Entropy: 4.08746284125034 Conditional Entropy: 126.7113480787606 Joint Entropy: 1.0283165994224628
Player: Black Move Number: 30 Move: d6b7 Piece: None Number of Better Moves: 11 Entropy: 3.459431618637298 Conditional Entropy: 96.86408532184431 Joint Entropy: 1.1300162827639246
Player: Black Move Number: 31 Move: b7c5 Piece: P Number of Better Moves: 15 Entropy: 3.906890595608518 Conditional Entropy: 144.5549520375152 Joint Entropy: 0.938042187657864
Player: Black Move Number: 32 Move: e7e2 Piece: None Number of Better Moves: 21 Entropy: 4.39231742277876 Conditional Entropy: 153.7311097972567 Joint Entropy: 0.9761514696233756
Player: Black Move Number: 33 Move: e2c2 Piece: None Number of Better Moves: 13 Entropy: 3.7004397181410926 Conditional Entropy: 88.81055323538624 Joint Entropy: 1.2016567278509187
Player: Black Move Number: 34 Move: c5e6 Piece: None Number of Better Moves: 14 Entropy: 3.8073549220576055 Conditional Entropy: 102.79858289555527 Joint Entropy: 1.1137937103591478
Player: Black Move Number: 35 Move: e6f4 Piece: None Number of Better Moves: 13 Entropy: 3.7004397181410926 Conditional Entropy: 103.61231210795063 Joint Entropy: 1.09233460915379
Player: Black Move Number: 36 Move: f4g2 Piece: P Number of Better Moves: 11 Entropy: 3.459431618637298 Conditional Entropy: 86.48579046593242 Joint Entropy: 1.1796731397231979
Game 3 and File Name wcup21-game106
Player: Black Move Number: 0 Move: g8f6 Piece: None Number of Better Moves: 11 Entropy: 3.459431618637298 Conditional Entropy: 76.10749561002054 Joint Entropy: 1.2579751340499268
Player: Black Move Number: 1 Move: e7e6 Piece: None Number of Better Moves: 14 Entropy: 3.8073549220576055 Conditional Entropy: 98.99122797349767 Joint Entropy: 1.1440491249538554
Player: Black Move Number: 2 Move: f8b4 Piece: None Number of Better Moves: 11 Entropy: 3.459431618637298 Conditional Entropy: 89.94522208456972 Joint Entropy: 1.1607538034569156
Player: Black Move Number: 3 Move: e8g8 Piece: None Number of Better Moves: 13 Entropy: 3.7004397181410926 Conditional Entropy: 88.81055323538624 Joint Entropy: 1.2016567278509187
Player: Black Move Number: 4 Move: f8e8 Piece: None Number of Better Moves: 15 Entropy: 3.906890595608518 Conditional Entropy: 121.11360846386403 Joint Entropy: 1.0213067019327666
Player: Black Move Number: 5 Move: b4f8 Piece: None Number of Better Moves: 15 Entropy: 3.906890595608518 Conditional Entropy: 109.39293667703848 Joint Entropy: 1.09233460915379
Player: Black Move Number: 6 Move: d7d5 Piece: None Number of Better Moves: 10 Entropy: 3.321928094887362 Conditional Entropy: 73.08241808752199 Joint Entropy: 1.266263275861561
Player: Black Move Number: 7 Move: b7b6 Piece: None Number of Better Moves: 11 Entropy: 3.459431618637298 Conditional Entropy: 86.48579046593242 Joint Entropy: 1.1796731397231979
Player: Black Move Number: 8 Move: e6d5 Piece: P Number of Better Moves: 12 Entropy: 3.584962500721156 Conditional Entropy: 93.2090250187501 Joint Entropy: 1.1440491249538554
Player: Black Move Number: 9 Move: c8b7 Piece: None Number of Better Moves: 9 Entropy: 3.169925001442312 Conditional Entropy: 63.39850002884628 Joint Entropy: 1.3392639636524457
Player: Black Move Number: 10 Move: b8d7 Piece: None Number of Better Moves: 8 Entropy: 3.0 Conditional Entropy: 57.0 Joint Entropy: 1.3946500085694165
Player: Black Move Number: 11 Move: c7c6 Piece: None Number of Better Moves: 11 Entropy: 3.459431618637298 Conditional Entropy: 76.10749561002054 Joint Entropy: 1.2579751340499268
Player: Black Move Number: 12 Move: a7a5 Piece: None Number of Better Moves: 10 Entropy: 3.321928094887362 Conditional Entropy: 79.72627427729672 Joint Entropy: 1.2221628029048512
Player: Black Move Number: 13 Move: c6c5 Piece: None Number of Better Moves: 7 Entropy: 2.8073549220576046 Conditional Entropy: 58.95445336320971 Joint Entropy: 1.4174378237389729
Player: Black Move Number: 14 Move: a5a4 Piece: None Number of Better Moves: 11 Entropy: 3.459431618637298 Conditional Entropy: 83.02635884729513 Joint Entropy: 1.2016567278509187
Player: Black Move Number: 15 Move: b7d5 Piece: N Number of Better Moves: 13 Entropy: 3.7004397181410926 Conditional Entropy: 74.00879436282185 Joint Entropy: 1.4302845363074064
Player: Black Move Number: 16 Move: f6d5 Piece: B Number of Better Moves: 11 Entropy: 3.459431618637298 Conditional Entropy: 76.10749561002054 Joint Entropy: 1.2579751340499268
Player: Black Move Number: 17 Move: c5d4 Piece: P Number of Better Moves: 14 Entropy: 3.8073549220576055 Conditional Entropy: 106.60593781761287 Joint Entropy: 1.0878156920164583
Player: Black Move Number: 18 Move: d7c5 Piece: None Number of Better Moves: 11 Entropy: 3.459431618637298 Conditional Entropy: 65.72920075410865 Joint Entropy: 1.3946500085694165
Player: Black Move Number: 19 Move: d8f6 Piece: None Number of Better Moves: 14 Entropy: 3.8073549220576055 Conditional Entropy: 91.37651812938248 Joint Entropy: 1.2221628029048512
Player: Black Move Number: 20 Move: c5b3 Piece: None Number of Better Moves: 11 Entropy: 3.459431618637298 Conditional Entropy: 72.64806399138324 Joint Entropy: 1.2946232180365262
Player: Black Move Number: 21 Move: f6g6 Piece: None Number of Better Moves: 11 Entropy: 3.459431618637298 Conditional Entropy: 79.56692722865783 Joint Entropy: 1.2274323086760943
Player: Black Move Number: 22 Move: h7g6 Piece: Q Number of Better Moves: 11 Entropy: 3.459431618637298 Conditional Entropy: 83.02635884729513 Joint Entropy: 1.2016567278509187
Player: Black Move Number: 23 Move: a8a5 Piece: None Number of Better Moves: 15 Entropy: 3.906890595608518 Conditional Entropy: 85.95159310338738 Joint Entropy: 1.4067942989395679
Player: Black Move Number: 24 Move: b3d4 Piece: N Number of Better Moves: 10 Entropy: 3.321928094887362 Conditional Entropy: 76.40434618240936 Joint Entropy: 1.2424189207665728
Player: Black Move Number: 25 Move: a5b5 Piece: P Number of Better Moves: 14 Entropy: 3.8073549220576055 Conditional Entropy: 95.18387305144007 Joint Entropy: 1.1796731397231979
Player: Black Move Number: 26 Move: e8c8 Piece: None Number of Better Moves: 11 Entropy: 3.459431618637298 Conditional Entropy: 86.48579046593242 Joint Entropy: 1.1796731397231979
Player: Black Move Number: 27 Move: b5b3 Piece: None Number of Better Moves: 11 Entropy: 3.459431618637298 Conditional Entropy: 76.10749561002054 Joint Entropy: 1.2579751340499268
Player: Black Move Number: 28 Move: b6b5 Piece: None Number of Better Moves: 16 Entropy: 4.0 Conditional Entropy: 104.0 Joint Entropy: 1.1898133154191968
Player: Black Move Number: 29 Move: c8c4 Piece: None Number of Better Moves: 11 Entropy: 3.459431618637298 Conditional Entropy: 72.64806399138324 Joint Entropy: 1.2946232180365262
Player: Black Move Number: 30 Move: f7f6 Piece: None Number of Better Moves: 14 Entropy: 3.8073549220576055 Conditional Entropy: 87.56916320732488 Joint Entropy: 1.273630462226175
Player: Black Move Number: 31 Move: g8f7 Piece: None Number of Better Moves: 12 Entropy: 3.584962500721156 Conditional Entropy: 82.45413751658661 Joint Entropy: 1.2274323086760943
Player: Black Move Number: 32 Move: f7e6 Piece: None Number of Better Moves: 12 Entropy: 3.584962500721156 Conditional Entropy: 93.2090250187501 Joint Entropy: 1.1440491249538554
Player: Black Move Number: 33 Move: f8d6 Piece: None Number of Better Moves: 10 Entropy: 3.321928094887362 Conditional Entropy: 76.40434618240936 Joint Entropy: 1.2424189207665728
Player: Black Move Number: 34 Move: e6f5 Piece: None Number of Better Moves: 12 Entropy: 3.584962500721156 Conditional Entropy: 82.45413751658661 Joint Entropy: 1.2274323086760943
Player: Black Move Number: 35 Move: f5g4 Piece: None Number of Better Moves: 11 Entropy: 3.459431618637298 Conditional Entropy: 76.10749561002054 Joint Entropy: 1.2579751340499268
Player: Black Move Number: 36 Move: d6e5 Piece: None Number of Better Moves: 11 Entropy: 3.459431618637298 Conditional Entropy: 79.56692722865783 Joint Entropy: 1.2274323086760943
Player: Black Move Number: 37 Move: b3b2 Piece: None Number of Better Moves: 13 Entropy: 3.7004397181410926 Conditional Entropy: 81.40967379910404 Joint Entropy: 1.2918634515455976
Player: Black Move Number: 38 Move: e5b2 Piece: R Number of Better Moves: 12 Entropy: 3.584962500721156 Conditional Entropy: 93.2090250187501 Joint Entropy: 1.1440491249538554
Player: Black Move Number: 39 Move: b2a3 Piece: P Number of Better Moves: 11 Entropy: 3.459431618637298 Conditional Entropy: 86.48579046593242 Joint Entropy: 1.1796731397231979
Player: Black Move Number: 40 Move: g4g3 Piece: P Number of Better Moves: 11 Entropy: 3.459431618637298 Conditional Entropy: 72.64806399138324 Joint Entropy: 1.2946232180365262
Player: Black Move Number: 41 Move: g3g2 Piece: None Number of Better Moves: 10 Entropy: 3.321928094887362 Conditional Entropy: 86.37013046707145 Joint Entropy: 1.1898133154191968
Player: Black Move Number: 42 Move: g2h2 Piece: None Number of Better Moves: 19 Entropy: 4.247927513443588 Conditional Entropy: 140.18160794363834 Joint Entropy: 0.9993395502689439
Player: Black Move Number: 43 Move: a3f8 Piece: None Number of Better Moves: 11 Entropy: 3.459431618637298 Conditional Entropy: 62.26976913547134 Joint Entropy: 1.464963087435172
Player: Black Move Number: 44 Move: a4a3 Piece: None Number of Better Moves: 11 Entropy: 3.459431618637298 Conditional Entropy: 86.48579046593242 Joint Entropy: 1.1796731397231979
Player: Black Move Number: 45 Move: c4c2 Piece: None Number of Better Moves: 15 Entropy: 3.906890595608518 Conditional Entropy: 93.76537429460441 Joint Entropy: 1.2581005505868144
Player: Black Move Number: 46 Move: c2f2 Piece: B Number of Better Moves: 13 Entropy: 3.7004397181410926 Conditional Entropy: 118.41407098051502 Joint Entropy: 1.0297479814198773
Player: Black Move Number: 47 Move: f8c5 Piece: None Number of Better Moves: 14 Entropy: 3.8073549220576055 Conditional Entropy: 110.41329273967047 Joint Entropy: 1.0653005714872268
Player: Black Move Number: 48 Move: h2h3 Piece: None Number of Better Moves: 15 Entropy: 3.906890595608518 Conditional Entropy: 132.8342802506896 Joint Entropy: 0.9728554937114785
