Game 1 and File Name wcup21-game104
Player: Black Move Number: 0 Move: g8f6 Piece: None Number of Better Moves: 8 Entropy: 3.0 Conditional Entropy: 48.0 Joint Entropy: 1.5
Player: Black Move Number: 1 Move: d7d5 Piece: None Number of Better Moves: 8 Entropy: 3.0 Conditional Entropy: 54.0 Joint Entropy: 1.4224338213496561
Player: Black Move Number: 2 Move: c7c6 Piece: None Number of Better Moves: 13 Entropy: 3.7004397181410926 Conditional Entropy: 81.40967379910404 Joint Entropy: 1.2918634515455976
Player: Black Move Number: 3 Move: c8f5 Piece: None Number of Better Moves: 9 Entropy: 3.169925001442312 Conditional Entropy: 34.86917501586544 Joint Entropy: 2.5482875008814134
Player: Black Move Number: 4 Move: e7e6 Piece: None Number of Better Moves: 15 Entropy: 3.906890595608518 Conditional Entropy: 66.4171401253448 Joint Entropy: 2.780571337511494
Player: Black Move Number: 5 Move: f5e4 Piece: None Number of Better Moves: 11 Entropy: 3.459431618637298 Conditional Entropy: 41.513179423647564 Joint Entropy: 3.77392540214978
Player: Black Move Number: 6 Move: e4g6 Piece: None Number of Better Moves: 11 Entropy: 3.459431618637298 Conditional Entropy: 72.64806399138324 Joint Entropy: 1.2946232180365262
Player: Black Move Number: 7 Move: d8c7 Piece: None Number of Better Moves: 9 Entropy: 3.169925001442312 Conditional Entropy: 53.88872502451933 Joint Entropy: 1.4567878475627676
Player: Black Move Number: 8 Move: f8e7 Piece: None Number of Better Moves: 2 Entropy: 1.0 Conditional Entropy: 4.0 Joint Entropy: 2.0
Player: Black Move Number: 9 Move: a7a6 Piece: None Number of Better Moves: 9 Entropy: 3.169925001442312 Conditional Entropy: 57.05865002596165 Joint Entropy: 1.4088555561965836
Player: Black Move Number: 10 Move: h7g6 Piece: N Number of Better Moves: 9 Entropy: 3.169925001442312 Conditional Entropy: 34.86917501586544 Joint Entropy: 2.5482875008814134
Player: Black Move Number: 11 Move: c6d5 Piece: P Number of Better Moves: 11 Entropy: 3.459431618637298 Conditional Entropy: 44.97261104228486 Joint Entropy: 2.6351186837402203
Player: Black Move Number: 12 Move: b8c6 Piece: None Number of Better Moves: 2 Entropy: 1.0 Conditional Entropy: 4.0 Joint Entropy: 2.0
Player: Black Move Number: 13 Move: a8b8 Piece: None Number of Better Moves: 9 Entropy: 3.169925001442312 Conditional Entropy: 34.86917501586544 Joint Entropy: 2.5482875008814134
Player: Black Move Number: 14 Move: e7d6 Piece: None Number of Better Moves: 13 Entropy: 3.7004397181410926 Conditional Entropy: 55.50659577211637 Joint Entropy: 2.7117921450813998
Player: Black Move Number: 15 Move: f6d7 Piece: None Number of Better Moves: 11 Entropy: 3.459431618637298 Conditional Entropy: 44.97261104228486 Joint Entropy: 2.6351186837402203
Player: Black Move Number: 16 Move: c6a5 Piece: None Number of Better Moves: 8 Entropy: 3.0 Conditional Entropy: 30.0 Joint Entropy: 2.5
Player: Black Move Number: 17 Move: a5c4 Piece: None Number of Better Moves: 2 Entropy: 1.0 Conditional Entropy: 11.0 Joint Entropy: 2.5482875008814134
Player: Black Move Number: 18 Move: d6e7 Piece: None Number of Better Moves: 9 Entropy: 3.169925001442312 Conditional Entropy: 63.39850002884628 Joint Entropy: 1.3392639636524457
Player: Black Move Number: 19 Move: c7b6 Piece: None Number of Better Moves: 10 Entropy: 3.321928094887362 Conditional Entropy: 36.54120904376098 Joint Entropy: 3.6541209043760983
Player: Black Move Number: 20 Move: d5c4 Piece: R Number of Better Moves: 11 Entropy: 3.459431618637298 Conditional Entropy: 44.97261104228486 Joint Entropy: 2.6351186837402203
Player: Black Move Number: 21 Move: b8d8 Piece: None Number of Better Moves: 2 Entropy: 1.0 Conditional Entropy: 4.0 Joint Entropy: 2.0
Player: Black Move Number: 22 Move: d7b8 Piece: None Number of Better Moves: 2 Entropy: 1.0 Conditional Entropy: 4.0 Joint Entropy: 2.0
Player: Black Move Number: 23 Move: g6f5 Piece: P Number of Better Moves: 11 Entropy: 3.459431618637298 Conditional Entropy: 44.97261104228486 Joint Entropy: 2.6351186837402203
Player: Black Move Number: 24 Move: e6f5 Piece: P Number of Better Moves: 2 Entropy: 1.0 Conditional Entropy: 11.0 Joint Entropy: 2.5482875008814134
Player: Black Move Number: 25 Move: b6e6 Piece: None Number of Better Moves: 2 Entropy: 1.0 Conditional Entropy: 12.0 Joint Entropy: 2.5931568569324175
Player: Black Move Number: 26 Move: h8h4 Piece: None Number of Better Moves: 2 Entropy: 1.0 Conditional Entropy: 4.0 Joint Entropy: 2.0
Player: Black Move Number: 27 Move: e6g6 Piece: None Number of Better Moves: 14 Entropy: 3.8073549220576055 Conditional Entropy: 60.91767875292168 Joint Entropy: 2.747059955461488
Player: Black Move Number: 28 Move: e7g5 Piece: None Number of Better Moves: 2 Entropy: 1.0 Conditional Entropy: 13.0 Joint Entropy: 2.6351186837402203
Player: Black Move Number: 29 Move: h4h2 Piece: P Number of Better Moves: 2 Entropy: 1.0 Conditional Entropy: 4.0 Joint Entropy: 2.0
Player: Black Move Number: 30 Move: e8f8 Piece: None Number of Better Moves: 2 Entropy: 1.0 Conditional Entropy: 17.0 Joint Entropy: 2.780571337511494
Player: Black Move Number: 31 Move: h2d2 Piece: B Number of Better Moves: 11 Entropy: 3.459431618637298 Conditional Entropy: 76.10749561002054 Joint Entropy: 1.2579751340499268
Player: Black Move Number: 32 Move: b8d7 Piece: None Number of Better Moves: 2 Entropy: 1.0 Conditional Entropy: 3.0 Joint Entropy: 1.5
Player: Black Move Number: 33 Move: g6b6 Piece: None Number of Better Moves: 2 Entropy: 1.0 Conditional Entropy: 16.0 Joint Entropy: 2.747059955461488
Player: Black Move Number: 34 Move: b6h6 Piece: None Number of Better Moves: 2 Entropy: 1.0 Conditional Entropy: 4.0 Joint Entropy: 2.0
Player: Black Move Number: 35 Move: g5d2 Piece: R Number of Better Moves: 2 Entropy: 1.0 Conditional Entropy: 4.0 Joint Entropy: 2.0
Player: Black Move Number: 36 Move: h6f4 Piece: None Number of Better Moves: 12 Entropy: 3.584962500721156 Conditional Entropy: 93.2090250187501 Joint Entropy: 1.1440491249538554
Player: Black Move Number: 37 Move: d2c3 Piece: N Number of Better Moves: 2 Entropy: 1.0 Conditional Entropy: 16.0 Joint Entropy: 2.747059955461488
Player: Black Move Number: 38 Move: f8g8 Piece: None Number of Better Moves: 2 Entropy: 1.0 Conditional Entropy: 14.0 Joint Entropy: 2.6745614587540083
Player: Black Move Number: 39 Move: f4f5 Piece: None Number of Better Moves: 2 Entropy: 1.0 Conditional Entropy: 4.0 Joint Entropy: 2.0
Player: Black Move Number: 40 Move: f5g5 Piece: None Number of Better Moves: 15 Entropy: 3.906890595608518 Conditional Entropy: 66.4171401253448 Joint Entropy: 2.780571337511494
Game 2 and File Name wcup21-game105
Player: Black Move Number: 0 Move: g8f6 Piece: None Number of Better Moves: 9 Entropy: 3.169925001442312 Conditional Entropy: 60.22857502740396 Joint Entropy: 1.3705023203362647
Player: Black Move Number: 1 Move: g7g6 Piece: None Number of Better Moves: 7 Entropy: 2.8073549220576046 Conditional Entropy: 44.91767875292168 Joint Entropy: 1.5180393456507726
Player: Black Move Number: 2 Move: c7c5 Piece: None Number of Better Moves: 1 Entropy: -0.0 Conditional Entropy: -0.0 Joint Entropy: 1.5
Player: Black Move Number: 3 Move: b7b5 Piece: None Number of Better Moves: 10 Entropy: 3.321928094887362 Conditional Entropy: 39.86313713864834 Joint Entropy: 2.5931568569324175
Player: Black Move Number: 4 Move: a7a6 Piece: None Number of Better Moves: 13 Entropy: 3.7004397181410926 Conditional Entropy: 55.50659577211637 Joint Entropy: 2.7117921450813998
Player: Black Move Number: 5 Move: c8a6 Piece: P Number of Better Moves: 2 Entropy: 1.0 Conditional Entropy: 14.0 Joint Entropy: 2.6745614587540083
Player: Black Move Number: 6 Move: f8g7 Piece: None Number of Better Moves: 2 Entropy: 1.0 Conditional Entropy: 4.0 Joint Entropy: 2.0
Player: Black Move Number: 7 Move: d8a5 Piece: None Number of Better Moves: 16 Entropy: 4.0 Conditional Entropy: 72.0 Joint Entropy: 2.8125
Player: Black Move Number: 8 Move: f6e4 Piece: None Number of Better Moves: 1 Entropy: -0.0 Conditional Entropy: -0.0 Joint Entropy: 3.8837093757812524
Player: Black Move Number: 9 Move: e4c3 Piece: N Number of Better Moves: 13 Entropy: 3.7004397181410926 Conditional Entropy: 55.50659577211637 Joint Entropy: 2.7117921450813998
Player: Black Move Number: 10 Move: a5a6 Piece: B Number of Better Moves: 2 Entropy: 1.0 Conditional Entropy: 12.0 Joint Entropy: 2.5931568569324175
Player: Black Move Number: 11 Move: d7d6 Piece: None Number of Better Moves: 2 Entropy: 1.0 Conditional Entropy: 14.0 Joint Entropy: 2.6745614587540083
Player: Black Move Number: 12 Move: b8d7 Piece: None Number of Better Moves: 2 Entropy: 1.0 Conditional Entropy: 4.0 Joint Entropy: 2.0
Player: Black Move Number: 13 Move: e8g8 Piece: None Number of Better Moves: 2 Entropy: 1.0 Conditional Entropy: 11.0 Joint Entropy: 2.5482875008814134
Player: Black Move Number: 14 Move: f8b8 Piece: None Number of Better Moves: 14 Entropy: 3.8073549220576055 Conditional Entropy: 98.99122797349767 Joint Entropy: 1.1440491249538554
Player: Black Move Number: 15 Move: a6f6 Piece: None Number of Better Moves: 17 Entropy: 4.08746284125034 Conditional Entropy: 77.66179398375648 Joint Entropy: 2.842993940698719
Player: Black Move Number: 16 Move: f6f4 Piece: B Number of Better Moves: 2 Entropy: 1.0 Conditional Entropy: 4.0 Joint Entropy: 2.0
Player: Black Move Number: 17 Move: f4d6 Piece: None Number of Better Moves: 11 Entropy: 3.459431618637298 Conditional Entropy: 44.97261104228486 Joint Entropy: 2.6351186837402203
Player: Black Move Number: 18 Move: b8e8 Piece: None Number of Better Moves: 12 Entropy: 3.584962500721156 Conditional Entropy: 50.18947501009618 Joint Entropy: 2.6745614587540083
Player: Black Move Number: 19 Move: d7b6 Piece: None Number of Better Moves: 2 Entropy: 1.0 Conditional Entropy: 4.0 Joint Entropy: 2.0
Player: Black Move Number: 20 Move: a8a7 Piece: None Number of Better Moves: 1 Entropy: -0.0 Conditional Entropy: -0.0 Joint Entropy: 1.5
Player: Black Move Number: 21 Move: g7d4 Piece: None Number of Better Moves: 1 Entropy: -0.0 Conditional Entropy: -0.0 Joint Entropy: 3.6541209043760983
Player: Black Move Number: 22 Move: d6e5 Piece: None Number of Better Moves: 11 Entropy: 3.459431618637298 Conditional Entropy: 44.97261104228486 Joint Entropy: 2.6351186837402203
Player: Black Move Number: 23 Move: f7f5 Piece: None Number of Better Moves: 14 Entropy: 3.8073549220576055 Conditional Entropy: 60.91767875292168 Joint Entropy: 2.747059955461488
Player: Black Move Number: 24 Move: b6c8 Piece: None Number of Better Moves: 14 Entropy: 3.8073549220576055 Conditional Entropy: 60.91767875292168 Joint Entropy: 2.747059955461488
Player: Black Move Number: 25 Move: e5e2 Piece: Q Number of Better Moves: 16 Entropy: 4.0 Conditional Entropy: 128.0 Joint Entropy: 1.0
Player: Black Move Number: 26 Move: c8d6 Piece: P Number of Better Moves: 23 Entropy: 4.523561956057013 Conditional Entropy: 180.9424782422806 Joint Entropy: 0.8809232529214673
Player: Black Move Number: 27 Move: c5d4 Piece: N Number of Better Moves: 19 Entropy: 4.247927513443588 Conditional Entropy: 144.42953545708193 Joint Entropy: 0.9728554937114785
Player: Black Move Number: 28 Move: a7e7 Piece: P Number of Better Moves: 2 Entropy: 1.0 Conditional Entropy: 17.0 Joint Entropy: 2.780571337511494
Player: Black Move Number: 29 Move: e8e7 Piece: R Number of Better Moves: 2 Entropy: 1.0 Conditional Entropy: 17.0 Joint Entropy: 2.780571337511494
Player: Black Move Number: 30 Move: d6b7 Piece: None Number of Better Moves: 19 Entropy: 4.247927513443588 Conditional Entropy: 169.91710053774344 Joint Entropy: 0.8661899685435945
Player: Black Move Number: 31 Move: b7c5 Piece: P Number of Better Moves: 20 Entropy: 4.321928094887363 Conditional Entropy: 151.2674833210578 Joint Entropy: 0.9600288472245191
Player: Black Move Number: 32 Move: e7e2 Piece: None Number of Better Moves: 2 Entropy: 1.0 Conditional Entropy: 12.0 Joint Entropy: 2.5931568569324175
Player: Black Move Number: 33 Move: e2c2 Piece: None Number of Better Moves: 14 Entropy: 3.8073549220576055 Conditional Entropy: 114.22064766172807 Joint Entropy: 1.0456278913470005
Player: Black Move Number: 34 Move: c5e6 Piece: None Number of Better Moves: 11 Entropy: 3.459431618637298 Conditional Entropy: 69.18863237274594 Joint Entropy: 1.3392639636524457
Player: Black Move Number: 35 Move: e6f4 Piece: None Number of Better Moves: 17 Entropy: 4.08746284125034 Conditional Entropy: 77.66179398375648 Joint Entropy: 2.842993940698719
Player: Black Move Number: 36 Move: f4g2 Piece: P Number of Better Moves: 9 Entropy: 3.169925001442312 Conditional Entropy: 79.24812503605783 Joint Entropy: 1.2447786460837347
Game 3 and File Name wcup21-game106
Player: Black Move Number: 0 Move: g8f6 Piece: None Number of Better Moves: 9 Entropy: 3.169925001442312 Conditional Entropy: 34.86917501586544 Joint Entropy: 2.5482875008814134
Player: Black Move Number: 1 Move: e7e6 Piece: None Number of Better Moves: 10 Entropy: 3.321928094887362 Conditional Entropy: 73.08241808752199 Joint Entropy: 1.266263275861561
Player: Black Move Number: 2 Move: f8b4 Piece: None Number of Better Moves: 12 Entropy: 3.584962500721156 Conditional Entropy: 71.69925001442313 Joint Entropy: 1.3718671876502415
Player: Black Move Number: 3 Move: e8g8 Piece: None Number of Better Moves: 2 Entropy: 1.0 Conditional Entropy: 11.0 Joint Entropy: 2.5482875008814134
Player: Black Move Number: 4 Move: f8e8 Piece: None Number of Better Moves: 2 Entropy: 1.0 Conditional Entropy: 14.0 Joint Entropy: 2.6745614587540083
Player: Black Move Number: 5 Move: b4f8 Piece: None Number of Better Moves: 10 Entropy: 3.321928094887362 Conditional Entropy: 69.76048999263462 Joint Entropy: 1.2946232180365262
Player: Black Move Number: 6 Move: d7d5 Piece: None Number of Better Moves: 2 Entropy: 1.0 Conditional Entropy: 4.0 Joint Entropy: 2.0
Player: Black Move Number: 7 Move: b7b6 Piece: None Number of Better Moves: 13 Entropy: 3.7004397181410926 Conditional Entropy: 55.50659577211637 Joint Entropy: 2.7117921450813998
Player: Black Move Number: 8 Move: e6d5 Piece: P Number of Better Moves: 2 Entropy: 1.0 Conditional Entropy: 10.0 Joint Entropy: 2.5
Player: Black Move Number: 9 Move: c8b7 Piece: None Number of Better Moves: 2 Entropy: 1.0 Conditional Entropy: 3.0 Joint Entropy: 1.5
Player: Black Move Number: 10 Move: b8d7 Piece: None Number of Better Moves: 1 Entropy: -0.0 Conditional Entropy: -0.0 Joint Entropy: 3.375
Player: Black Move Number: 11 Move: c7c6 Piece: None Number of Better Moves: 13 Entropy: 3.7004397181410926 Conditional Entropy: 77.70923408096294 Joint Entropy: 1.352973404624643
Player: Black Move Number: 12 Move: a7a5 Piece: None Number of Better Moves: 6 Entropy: 2.584962500721156 Conditional Entropy: 20.67970000576925 Joint Entropy: 2.3899750004807707
Player: Black Move Number: 13 Move: c6c5 Piece: None Number of Better Moves: 2 Entropy: 1.0 Conditional Entropy: 14.0 Joint Entropy: 2.6745614587540083
Player: Black Move Number: 14 Move: a5a4 Piece: None Number of Better Moves: 1 Entropy: -0.0 Conditional Entropy: -0.0 Joint Entropy: 4.07930884506172
Player: Black Move Number: 15 Move: b7d5 Piece: N Number of Better Moves: 1 Entropy: -0.0 Conditional Entropy: -0.0 Joint Entropy: 3.985088927228869
Player: Black Move Number: 16 Move: f6d5 Piece: B Number of Better Moves: 15 Entropy: 3.906890595608518 Conditional Entropy: 66.4171401253448 Joint Entropy: 2.780571337511494
Player: Black Move Number: 17 Move: c5d4 Piece: P Number of Better Moves: 13 Entropy: 3.7004397181410926 Conditional Entropy: 88.81055323538624 Joint Entropy: 1.2016567278509187
Player: Black Move Number: 18 Move: d7c5 Piece: None Number of Better Moves: 1 Entropy: -0.0 Conditional Entropy: -0.0 Joint Entropy: 3.985088927228869
Player: Black Move Number: 19 Move: d8f6 Piece: None Number of Better Moves: 13 Entropy: 3.7004397181410926 Conditional Entropy: 55.50659577211637 Joint Entropy: 2.7117921450813998
Player: Black Move Number: 20 Move: c5b3 Piece: None Number of Better Moves: 2 Entropy: 1.0 Conditional Entropy: 4.0 Joint Entropy: 2.0
Player: Black Move Number: 21 Move: f6g6 Piece: None Number of Better Moves: 11 Entropy: 3.459431618637298 Conditional Entropy: 72.64806399138324 Joint Entropy: 1.2946232180365262
Player: Black Move Number: 22 Move: h7g6 Piece: Q Number of Better Moves: 2 Entropy: 1.0 Conditional Entropy: 16.0 Joint Entropy: 2.747059955461488
Player: Black Move Number: 23 Move: a8a5 Piece: None Number of Better Moves: 11 Entropy: 3.459431618637298 Conditional Entropy: 86.48579046593242 Joint Entropy: 1.1796731397231979
Player: Black Move Number: 24 Move: b3d4 Piece: N Number of Better Moves: 2 Entropy: 1.0 Conditional Entropy: 18.0 Joint Entropy: 2.8125
Player: Black Move Number: 25 Move: a5b5 Piece: P Number of Better Moves: 11 Entropy: 3.459431618637298 Conditional Entropy: 86.48579046593242 Joint Entropy: 1.1796731397231979
Player: Black Move Number: 26 Move: e8c8 Piece: None Number of Better Moves: 2 Entropy: 1.0 Conditional Entropy: 13.0 Joint Entropy: 2.6351186837402203
Player: Black Move Number: 27 Move: b5b3 Piece: None Number of Better Moves: 2 Entropy: 1.0 Conditional Entropy: 4.0 Joint Entropy: 2.0
Player: Black Move Number: 28 Move: b6b5 Piece: None Number of Better Moves: 14 Entropy: 3.8073549220576055 Conditional Entropy: 102.79858289555527 Joint Entropy: 1.1137937103591478
Player: Black Move Number: 29 Move: c8c4 Piece: None Number of Better Moves: 13 Entropy: 3.7004397181410926 Conditional Entropy: 103.61231210795063 Joint Entropy: 1.09233460915379
Player: Black Move Number: 30 Move: f7f6 Piece: None Number of Better Moves: 15 Entropy: 3.906890595608518 Conditional Entropy: 66.4171401253448 Joint Entropy: 2.780571337511494
Player: Black Move Number: 31 Move: g8f7 Piece: None Number of Better Moves: 2 Entropy: 1.0 Conditional Entropy: 4.0 Joint Entropy: 2.0
Player: Black Move Number: 32 Move: f7e6 Piece: None Number of Better Moves: 2 Entropy: 1.0 Conditional Entropy: 13.0 Joint Entropy: 2.6351186837402203
Player: Black Move Number: 33 Move: f8d6 Piece: None Number of Better Moves: 13 Entropy: 3.7004397181410926 Conditional Entropy: 55.50659577211637 Joint Entropy: 2.7117921450813998
Player: Black Move Number: 34 Move: e6f5 Piece: None Number of Better Moves: 2 Entropy: 1.0 Conditional Entropy: 15.0 Joint Entropy: 2.7117921450813998
Player: Black Move Number: 35 Move: f5g4 Piece: None Number of Better Moves: 14 Entropy: 3.8073549220576055 Conditional Entropy: 60.91767875292168 Joint Entropy: 2.747059955461488
Player: Black Move Number: 36 Move: d6e5 Piece: None Number of Better Moves: 13 Entropy: 3.7004397181410926 Conditional Entropy: 55.50659577211637 Joint Entropy: 2.7117921450813998
Player: Black Move Number: 37 Move: b3b2 Piece: None Number of Better Moves: 12 Entropy: 3.584962500721156 Conditional Entropy: 50.18947501009618 Joint Entropy: 2.6745614587540083
Player: Black Move Number: 38 Move: e5b2 Piece: R Number of Better Moves: 13 Entropy: 3.7004397181410926 Conditional Entropy: 103.61231210795063 Joint Entropy: 1.09233460915379
Player: Black Move Number: 39 Move: b2a3 Piece: P Number of Better Moves: 16 Entropy: 4.0 Conditional Entropy: 72.0 Joint Entropy: 2.8125
Player: Black Move Number: 40 Move: g4g3 Piece: P Number of Better Moves: 15 Entropy: 3.906890595608518 Conditional Entropy: 66.4171401253448 Joint Entropy: 2.780571337511494
Player: Black Move Number: 41 Move: g3g2 Piece: None Number of Better Moves: 13 Entropy: 3.7004397181410926 Conditional Entropy: 55.50659577211637 Joint Entropy: 2.7117921450813998
Player: Black Move Number: 42 Move: g2h2 Piece: None Number of Better Moves: 15 Entropy: 3.906890595608518 Conditional Entropy: 66.4171401253448 Joint Entropy: 2.780571337511494
Player: Black Move Number: 43 Move: a3f8 Piece: None Number of Better Moves: 17 Entropy: 4.08746284125034 Conditional Entropy: 77.66179398375648 Joint Entropy: 2.842993940698719
Player: Black Move Number: 44 Move: a4a3 Piece: None Number of Better Moves: 2 Entropy: 1.0 Conditional Entropy: 4.0 Joint Entropy: 2.0
Player: Black Move Number: 45 Move: c4c2 Piece: None Number of Better Moves: 1 Entropy: -0.0 Conditional Entropy: -0.0 Joint Entropy: 1.5
Player: Black Move Number: 46 Move: c2f2 Piece: B Number of Better Moves: 19 Entropy: 4.247927513443588 Conditional Entropy: 89.2064777823153 Joint Entropy: 2.9001704679556655
Player: Black Move Number: 47 Move: f8c5 Piece: None Number of Better Moves: 17 Entropy: 4.08746284125034 Conditional Entropy: 73.57433114250614 Joint Entropy: 4.327901831912125
Player: Black Move Number: 48 Move: h2h3 Piece: None Number of Better Moves: 10 Entropy: 3.321928094887362 Conditional Entropy: 86.37013046707145 Joint Entropy: 1.1898133154191968
