Game 1 and File Name wcup21-game232
Player: Black Move Number: 0 Move: g8f6 Piece: None Number of Better Moves: 1 Entropy: -0.0 Conditional Entropy: -0.0 Joint Entropy: -0.0
Player: Black Move Number: 1 Move: e7e6 Piece: None Number of Better Moves: 1 Entropy: -0.0 Conditional Entropy: -0.0 Joint Entropy: -0.0
Player: Black Move Number: 2 Move: d7d5 Piece: None Number of Better Moves: 1 Entropy: -0.0 Conditional Entropy: -0.0 Joint Entropy: -0.0
Player: Black Move Number: 3 Move: f8b4 Piece: None Number of Better Moves: 1 Entropy: -0.0 Conditional Entropy: -0.0 Joint Entropy: -0.0
Player: Black Move Number: 4 Move: a7a5 Piece: None Number of Better Moves: 1 Entropy: -0.0 Conditional Entropy: -0.0 Joint Entropy: -0.0
Player: Black Move Number: 5 Move: e8g8 Piece: None Number of Better Moves: 1 Entropy: -0.0 Conditional Entropy: -0.0 Joint Entropy: -0.0
Player: Black Move Number: 6 Move: d5c4 Piece: P Number of Better Moves: 1 Entropy: -0.0 Conditional Entropy: -0.0 Joint Entropy: -0.0
Player: Black Move Number: 7 Move: h7h6 Piece: None Number of Better Moves: 1 Entropy: -0.0 Conditional Entropy: -0.0 Joint Entropy: -0.0
Player: Black Move Number: 8 Move: d8f6 Piece: B Number of Better Moves: 1 Entropy: -0.0 Conditional Entropy: -0.0 Joint Entropy: -0.0
Player: Black Move Number: 9 Move: b4d6 Piece: None Number of Better Moves: 1 Entropy: -0.0 Conditional Entropy: -0.0 Joint Entropy: -0.0
Player: Black Move Number: 10 Move: b7b5 Piece: None Number of Better Moves: 1 Entropy: -0.0 Conditional Entropy: -0.0 Joint Entropy: -0.0
Player: Black Move Number: 11 Move: c4b3 Piece: P Number of Better Moves: 1 Entropy: -0.0 Conditional Entropy: -0.0 Joint Entropy: -0.0
Player: Black Move Number: 12 Move: c8a6 Piece: None Number of Better Moves: 1 Entropy: -0.0 Conditional Entropy: -0.0 Joint Entropy: -0.0
Player: Black Move Number: 13 Move: a8a7 Piece: None Number of Better Moves: 1 Entropy: -0.0 Conditional Entropy: -0.0 Joint Entropy: -0.0
Player: Black Move Number: 14 Move: f6e7 Piece: None Number of Better Moves: 1 Entropy: -0.0 Conditional Entropy: -0.0 Joint Entropy: -0.0
Player: Black Move Number: 15 Move: a6b7 Piece: None Number of Better Moves: 1 Entropy: -0.0 Conditional Entropy: -0.0 Joint Entropy: -0.0
Player: Black Move Number: 16 Move: b7e4 Piece: N Number of Better Moves: 1 Entropy: -0.0 Conditional Entropy: -0.0 Joint Entropy: -0.0
Player: Black Move Number: 17 Move: d6e5 Piece: N Number of Better Moves: 1 Entropy: -0.0 Conditional Entropy: -0.0 Joint Entropy: -0.0
Player: Black Move Number: 18 Move: c7c6 Piece: None Number of Better Moves: 1 Entropy: -0.0 Conditional Entropy: -0.0 Joint Entropy: -0.0
