Game 1 and File Name wcup21-game104
Player: Black Move Number: 0 Move: g8f6 Piece: None Number of Better Moves: 14 Entropy: 3.8073549220576055 Conditional Entropy: 114.22064766172807 Joint Entropy: 1.0456278913470005
Player: Black Move Number: 1 Move: d7d5 Piece: None Number of Better Moves: 2 Entropy: 1.0 Conditional Entropy: 17.0 Joint Entropy: 2.780571337511494
Player: Black Move Number: 2 Move: c7c6 Piece: None Number of Better Moves: 18 Entropy: 4.169925001442313 Conditional Entropy: 83.39850002884626 Joint Entropy: 2.872180556356839
Player: Black Move Number: 3 Move: c8f5 Piece: None Number of Better Moves: 18 Entropy: 4.169925001442313 Conditional Entropy: 150.11730005192328 Joint Entropy: 0.9266500003205143
Player: Black Move Number: 4 Move: e7e6 Piece: None Number of Better Moves: 2 Entropy: 1.0 Conditional Entropy: 18.0 Joint Entropy: 2.8125
Player: Black Move Number: 5 Move: f5e4 Piece: None Number of Better Moves: 20 Entropy: 4.321928094887363 Conditional Entropy: 90.76048999263465 Joint Entropy: 4.538024499631731
Player: Black Move Number: 6 Move: e4g6 Piece: None Number of Better Moves: 15 Entropy: 3.906890595608518 Conditional Entropy: 117.20671786825551 Joint Entropy: 1.0418374921622717
Player: Black Move Number: 7 Move: d8c7 Piece: None Number of Better Moves: 1 Entropy: -0.0 Conditional Entropy: -0.0 Joint Entropy: 4.07930884506172
Player: Black Move Number: 8 Move: f8e7 Piece: None Number of Better Moves: 2 Entropy: 1.0 Conditional Entropy: 16.0 Joint Entropy: 2.747059955461488
Player: Black Move Number: 9 Move: a7a6 Piece: None Number of Better Moves: 2 Entropy: 1.0 Conditional Entropy: 17.0 Joint Entropy: 2.780571337511494
Player: Black Move Number: 10 Move: h7g6 Piece: N Number of Better Moves: 16 Entropy: 4.0 Conditional Entropy: 132.0 Joint Entropy: 0.981199535886989
Player: Black Move Number: 11 Move: c6d5 Piece: P Number of Better Moves: 2 Entropy: 1.0 Conditional Entropy: 4.0 Joint Entropy: 2.0
Player: Black Move Number: 12 Move: b8c6 Piece: None Number of Better Moves: 15 Entropy: 3.906890595608518 Conditional Entropy: 113.299827272647 Joint Entropy: 1.0653005714872268
Player: Black Move Number: 13 Move: a8b8 Piece: None Number of Better Moves: 17 Entropy: 4.08746284125034 Conditional Entropy: 122.62388523751025 Joint Entropy: 1.057181342903814
Player: Black Move Number: 14 Move: e7d6 Piece: None Number of Better Moves: 16 Entropy: 4.0 Conditional Entropy: 72.0 Joint Entropy: 2.8125
Player: Black Move Number: 15 Move: f6d7 Piece: None Number of Better Moves: 15 Entropy: 3.906890595608518 Conditional Entropy: 66.4171401253448 Joint Entropy: 2.780571337511494
Player: Black Move Number: 16 Move: c6a5 Piece: None Number of Better Moves: 2 Entropy: 1.0 Conditional Entropy: 4.0 Joint Entropy: 2.0
Player: Black Move Number: 17 Move: a5c4 Piece: None Number of Better Moves: 1 Entropy: -0.0 Conditional Entropy: -0.0 Joint Entropy: -0.0
Player: Black Move Number: 18 Move: d6e7 Piece: None Number of Better Moves: 16 Entropy: 4.0 Conditional Entropy: 120.0 Joint Entropy: 1.0456278913470005
Player: Black Move Number: 19 Move: c7b6 Piece: None Number of Better Moves: 2 Entropy: 1.0 Conditional Entropy: 4.0 Joint Entropy: 2.0
Player: Black Move Number: 20 Move: d5c4 Piece: R Number of Better Moves: 16 Entropy: 4.0 Conditional Entropy: 72.0 Joint Entropy: 2.8125
Player: Black Move Number: 21 Move: b8d8 Piece: None Number of Better Moves: 1 Entropy: -0.0 Conditional Entropy: -0.0 Joint Entropy: -0.0
Player: Black Move Number: 22 Move: d7b8 Piece: None Number of Better Moves: 2 Entropy: 1.0 Conditional Entropy: 21.0 Joint Entropy: 2.9001704679556655
Player: Black Move Number: 23 Move: g6f5 Piece: P Number of Better Moves: 1 Entropy: -0.0 Conditional Entropy: -0.0 Joint Entropy: 4.881225861146518
Player: Black Move Number: 24 Move: e6f5 Piece: P Number of Better Moves: 26 Entropy: 4.700439718141092 Conditional Entropy: 131.61231210795066 Joint Entropy: 3.0694675405375107
Player: Black Move Number: 25 Move: b6e6 Piece: None Number of Better Moves: 2 Entropy: 1.0 Conditional Entropy: 4.0 Joint Entropy: 2.0
Player: Black Move Number: 26 Move: h8h4 Piece: None Number of Better Moves: 1 Entropy: -0.0 Conditional Entropy: -0.0 Joint Entropy: 4.881225861146518
Player: Black Move Number: 27 Move: e6g6 Piece: None Number of Better Moves: 2 Entropy: 1.0 Conditional Entropy: 14.0 Joint Entropy: 2.6745614587540083
Player: Black Move Number: 28 Move: e7g5 Piece: None Number of Better Moves: 2 Entropy: 1.0 Conditional Entropy: 3.0 Joint Entropy: 1.5
Player: Black Move Number: 29 Move: h4h2 Piece: P Number of Better Moves: 22 Entropy: 4.459431618637295 Conditional Entropy: 187.29612798276648 Joint Entropy: 0.8382206999273539
Player: Black Move Number: 30 Move: e8f8 Piece: None Number of Better Moves: 23 Entropy: 4.523561956057013 Conditional Entropy: 108.56548694536829 Joint Entropy: 4.7202385628421
Player: Black Move Number: 31 Move: h2d2 Piece: B Number of Better Moves: 24 Entropy: 4.584962500721156 Conditional Entropy: 119.20902501875013 Joint Entropy: 3.025188021223959
Player: Black Move Number: 32 Move: b8d7 Piece: None Number of Better Moves: 2 Entropy: 1.0 Conditional Entropy: 37.0 Joint Entropy: 3.239763880385196
Player: Black Move Number: 33 Move: g6b6 Piece: None Number of Better Moves: 26 Entropy: 4.700439718141092 Conditional Entropy: 126.91187238980956 Joint Entropy: 4.881225861146518
Player: Black Move Number: 34 Move: b6h6 Piece: None Number of Better Moves: 1 Entropy: -0.0 Conditional Entropy: -0.0 Joint Entropy: -0.0
Player: Black Move Number: 35 Move: g5d2 Piece: R Number of Better Moves: 27 Entropy: 4.754887502163471 Conditional Entropy: 133.13685006057713 Joint Entropy: 4.930994446688044
Player: Black Move Number: 36 Move: h6f4 Piece: None Number of Better Moves: 2 Entropy: 1.0 Conditional Entropy: 16.0 Joint Entropy: 2.747059955461488
Player: Black Move Number: 37 Move: d2c3 Piece: N Number of Better Moves: 2 Entropy: 1.0 Conditional Entropy: 4.0 Joint Entropy: 2.0
Player: Black Move Number: 38 Move: f8g8 Piece: None Number of Better Moves: 2 Entropy: 1.0 Conditional Entropy: 4.0 Joint Entropy: 2.0
Player: Black Move Number: 39 Move: f4f5 Piece: None Number of Better Moves: 2 Entropy: 1.0 Conditional Entropy: 29.0 Joint Entropy: 3.0905877326433453
Player: Black Move Number: 40 Move: f5g5 Piece: None Number of Better Moves: 21 Entropy: 4.39231742277876 Conditional Entropy: 206.43891887060198 Joint Entropy: 0.7827098637788157
Game 2 and File Name wcup21-game105
Player: Black Move Number: 0 Move: g8f6 Piece: None Number of Better Moves: 2 Entropy: 1.0 Conditional Entropy: 4.0 Joint Entropy: 2.0
Player: Black Move Number: 1 Move: g7g6 Piece: None Number of Better Moves: 2 Entropy: 1.0 Conditional Entropy: 17.0 Joint Entropy: 2.780571337511494
Player: Black Move Number: 2 Move: c7c5 Piece: None Number of Better Moves: 1 Entropy: -0.0 Conditional Entropy: -0.0 Joint Entropy: -0.0
Player: Black Move Number: 3 Move: b7b5 Piece: None Number of Better Moves: 2 Entropy: 1.0 Conditional Entropy: 25.0 Joint Entropy: 3.0019358456831577
Player: Black Move Number: 4 Move: a7a6 Piece: None Number of Better Moves: 1 Entropy: -0.0 Conditional Entropy: -0.0 Joint Entropy: 4.7202385628421
Player: Black Move Number: 5 Move: c8a6 Piece: P Number of Better Moves: 20 Entropy: 4.321928094887363 Conditional Entropy: 90.76048999263465 Joint Entropy: 4.538024499631731
Player: Black Move Number: 6 Move: f8g7 Piece: None Number of Better Moves: 24 Entropy: 4.584962500721156 Conditional Entropy: 119.20902501875013 Joint Entropy: 3.025188021223959
Player: Black Move Number: 7 Move: d8a5 Piece: None Number of Better Moves: 18 Entropy: 4.169925001442313 Conditional Entropy: 83.39850002884626 Joint Entropy: 2.872180556356839
Player: Black Move Number: 8 Move: f6e4 Piece: None Number of Better Moves: 18 Entropy: 4.169925001442313 Conditional Entropy: 83.39850002884626 Joint Entropy: 2.872180556356839
Player: Black Move Number: 9 Move: e4c3 Piece: N Number of Better Moves: 25 Entropy: 4.643856189774723 Conditional Entropy: 120.74026093414282 Joint Entropy: 4.829610437365711
Player: Black Move Number: 10 Move: a5a6 Piece: B Number of Better Moves: 1 Entropy: -0.0 Conditional Entropy: -0.0 Joint Entropy: 4.7202385628421
Player: Black Move Number: 11 Move: d7d6 Piece: None Number of Better Moves: 27 Entropy: 4.754887502163471 Conditional Entropy: 218.72482509951934 Joint Entropy: 0.8072699624131074
Player: Black Move Number: 12 Move: b8d7 Piece: None Number of Better Moves: 17 Entropy: 4.08746284125034 Conditional Entropy: 73.57433114250614 Joint Entropy: 4.327901831912125
Player: Black Move Number: 13 Move: e8g8 Piece: None Number of Better Moves: 21 Entropy: 4.39231742277876 Conditional Entropy: 96.63098330113273 Joint Entropy: 4.601475395292034
Player: Black Move Number: 14 Move: f8b8 Piece: None Number of Better Moves: 2 Entropy: 1.0 Conditional Entropy: 30.0 Joint Entropy: 3.1110829939594318
Player: Black Move Number: 15 Move: a6f6 Piece: None Number of Better Moves: 1 Entropy: -0.0 Conditional Entropy: -0.0 Joint Entropy: 5.025497581166452
Player: Black Move Number: 16 Move: f6f4 Piece: B Number of Better Moves: 2 Entropy: 1.0 Conditional Entropy: 24.0 Joint Entropy: 2.977871791983982
Player: Black Move Number: 17 Move: f4d6 Piece: None Number of Better Moves: 1 Entropy: -0.0 Conditional Entropy: -0.0 Joint Entropy: 1.5
Player: Black Move Number: 18 Move: b8e8 Piece: None Number of Better Moves: 22 Entropy: 4.459431618637295 Conditional Entropy: 178.37726474549189 Joint Entropy: 0.8716521838464252
Player: Black Move Number: 19 Move: d7b6 Piece: None Number of Better Moves: 2 Entropy: 1.0 Conditional Entropy: 21.0 Joint Entropy: 2.9001704679556655
Player: Black Move Number: 20 Move: a8a7 Piece: None Number of Better Moves: 2 Entropy: 1.0 Conditional Entropy: 4.0 Joint Entropy: 2.0
Player: Black Move Number: 21 Move: g7d4 Piece: None Number of Better Moves: 1 Entropy: -0.0 Conditional Entropy: -0.0 Joint Entropy: 1.5
Player: Black Move Number: 22 Move: d6e5 Piece: None Number of Better Moves: 1 Entropy: -0.0 Conditional Entropy: -0.0 Joint Entropy: 1.5
Player: Black Move Number: 23 Move: f7f5 Piece: None Number of Better Moves: 23 Entropy: 4.523561956057013 Conditional Entropy: 113.0890489014253 Joint Entropy: 3.0019358456831577
Player: Black Move Number: 24 Move: b6c8 Piece: None Number of Better Moves: 2 Entropy: 1.0 Conditional Entropy: 21.0 Joint Entropy: 2.9001704679556655
Player: Black Move Number: 25 Move: e5e2 Piece: Q Number of Better Moves: 2 Entropy: 1.0 Conditional Entropy: 4.0 Joint Entropy: 2.0
Player: Black Move Number: 26 Move: c8d6 Piece: P Number of Better Moves: 25 Entropy: 4.643856189774723 Conditional Entropy: 213.61738472963756 Joint Entropy: 0.7917409260523061
Player: Black Move Number: 27 Move: c5d4 Piece: N Number of Better Moves: 21 Entropy: 4.39231742277876 Conditional Entropy: 232.79282340727462 Joint Entropy: 0.7407631300703482
Player: Black Move Number: 28 Move: a7e7 Piece: P Number of Better Moves: 2 Entropy: 1.0 Conditional Entropy: 4.0 Joint Entropy: 2.0
Player: Black Move Number: 29 Move: e8e7 Piece: R Number of Better Moves: 27 Entropy: 4.754887502163471 Conditional Entropy: 133.13685006057713 Joint Entropy: 4.930994446688044
Player: Black Move Number: 30 Move: d6b7 Piece: None Number of Better Moves: 2 Entropy: 1.0 Conditional Entropy: 4.0 Joint Entropy: 2.0
Player: Black Move Number: 31 Move: b7c5 Piece: P Number of Better Moves: 20 Entropy: 4.321928094887363 Conditional Entropy: 95.08241808752202 Joint Entropy: 2.927060452188048
Player: Black Move Number: 32 Move: e7e2 Piece: None Number of Better Moves: 20 Entropy: 4.321928094887363 Conditional Entropy: 95.08241808752202 Joint Entropy: 2.927060452188048
Player: Black Move Number: 33 Move: e2c2 Piece: None Number of Better Moves: 1 Entropy: -0.0 Conditional Entropy: -0.0 Joint Entropy: 4.601475395292034
Player: Black Move Number: 34 Move: c5e6 Piece: None Number of Better Moves: 20 Entropy: 4.321928094887363 Conditional Entropy: 95.08241808752202 Joint Entropy: 2.927060452188048
Player: Black Move Number: 35 Move: e6f4 Piece: None Number of Better Moves: 21 Entropy: 4.39231742277876 Conditional Entropy: 101.02330072391149 Joint Entropy: 2.952935731521703
Player: Black Move Number: 36 Move: f4g2 Piece: P Number of Better Moves: 1 Entropy: -0.0 Conditional Entropy: -0.0 Joint Entropy: 4.7202385628421
Game 3 and File Name wcup21-game106
Player: Black Move Number: 0 Move: g8f6 Piece: None Number of Better Moves: 21 Entropy: 4.39231742277876 Conditional Entropy: 144.94647495169914 Joint Entropy: 1.044643799505942
Player: Black Move Number: 1 Move: e7e6 Piece: None Number of Better Moves: 2 Entropy: 1.0 Conditional Entropy: 17.0 Joint Entropy: 2.780571337511494
Player: Black Move Number: 2 Move: f8b4 Piece: None Number of Better Moves: 1 Entropy: -0.0 Conditional Entropy: -0.0 Joint Entropy: 4.7202385628421
Player: Black Move Number: 3 Move: e8g8 Piece: None Number of Better Moves: 2 Entropy: 1.0 Conditional Entropy: 3.0 Joint Entropy: 1.5
Player: Black Move Number: 4 Move: f8e8 Piece: None Number of Better Moves: 14 Entropy: 3.8073549220576055 Conditional Entropy: 114.22064766172807 Joint Entropy: 1.0456278913470005
Player: Black Move Number: 5 Move: b4f8 Piece: None Number of Better Moves: 18 Entropy: 4.169925001442313 Conditional Entropy: 83.39850002884626 Joint Entropy: 2.872180556356839
Player: Black Move Number: 6 Move: d7d5 Piece: None Number of Better Moves: 20 Entropy: 4.321928094887363 Conditional Entropy: 155.58941141594516 Joint Entropy: 0.9362169106748276
Player: Black Move Number: 7 Move: b7b6 Piece: None Number of Better Moves: 17 Entropy: 4.08746284125034 Conditional Entropy: 151.23612512626258 Joint Entropy: 0.9151396018738088
Player: Black Move Number: 8 Move: e6d5 Piece: P Number of Better Moves: 2 Entropy: 1.0 Conditional Entropy: 4.0 Joint Entropy: 2.0
Player: Black Move Number: 9 Move: c8b7 Piece: None Number of Better Moves: 12 Entropy: 3.584962500721156 Conditional Entropy: 46.60451250937503 Joint Entropy: 3.8837093757812524
Player: Black Move Number: 10 Move: b8d7 Piece: None Number of Better Moves: 2 Entropy: 1.0 Conditional Entropy: 23.0 Joint Entropy: 2.952935731521703
Player: Black Move Number: 11 Move: c7c6 Piece: None Number of Better Moves: 18 Entropy: 4.169925001442313 Conditional Entropy: 141.77745004903863 Joint Entropy: 0.9645050348924944
Player: Black Move Number: 12 Move: a7a5 Piece: None Number of Better Moves: 18 Entropy: 4.169925001442313 Conditional Entropy: 79.22857502740395 Joint Entropy: 4.4015875015224415
Player: Black Move Number: 13 Move: c6c5 Piece: None Number of Better Moves: 18 Entropy: 4.169925001442313 Conditional Entropy: 83.39850002884626 Joint Entropy: 2.872180556356839
Player: Black Move Number: 14 Move: a5a4 Piece: None Number of Better Moves: 2 Entropy: 1.0 Conditional Entropy: 4.0 Joint Entropy: 2.0
Player: Black Move Number: 15 Move: b7d5 Piece: N Number of Better Moves: 22 Entropy: 4.459431618637295 Conditional Entropy: 191.75555960140377 Joint Entropy: 0.823864088270326
Player: Black Move Number: 16 Move: f6d5 Piece: B Number of Better Moves: 18 Entropy: 4.169925001442313 Conditional Entropy: 162.62707505625025 Joint Entropy: 0.8834059644037607
Player: Black Move Number: 17 Move: c5d4 Piece: P Number of Better Moves: 2 Entropy: 1.0 Conditional Entropy: 4.0 Joint Entropy: 2.0
Player: Black Move Number: 18 Move: d7c5 Piece: None Number of Better Moves: 2 Entropy: 1.0 Conditional Entropy: 4.0 Joint Entropy: 2.0
Player: Black Move Number: 19 Move: d8f6 Piece: None Number of Better Moves: 22 Entropy: 4.459431618637295 Conditional Entropy: 107.02635884729513 Joint Entropy: 2.977871791983982
Player: Black Move Number: 20 Move: c5b3 Piece: None Number of Better Moves: 20 Entropy: 4.321928094887363 Conditional Entropy: 95.08241808752202 Joint Entropy: 2.927060452188048
Player: Black Move Number: 21 Move: f6g6 Piece: None Number of Better Moves: 1 Entropy: -0.0 Conditional Entropy: -0.0 Joint Entropy: 3.77392540214978
Player: Black Move Number: 22 Move: h7g6 Piece: Q Number of Better Moves: 2 Entropy: 1.0 Conditional Entropy: 4.0 Joint Entropy: 2.0
Player: Black Move Number: 23 Move: a8a5 Piece: None Number of Better Moves: 22 Entropy: 4.459431618637295 Conditional Entropy: 196.21499122004107 Joint Entropy: 0.8108057488431458
Player: Black Move Number: 24 Move: b3d4 Piece: N Number of Better Moves: 19 Entropy: 4.247927513443588 Conditional Entropy: 89.2064777823153 Joint Entropy: 2.9001704679556655
Player: Black Move Number: 25 Move: a5b5 Piece: P Number of Better Moves: 16 Entropy: 4.0 Conditional Entropy: 72.0 Joint Entropy: 2.8125
Player: Black Move Number: 26 Move: e8c8 Piece: None Number of Better Moves: 17 Entropy: 4.08746284125034 Conditional Entropy: 155.3235879675129 Joint Entropy: 0.9026096639582788
Player: Black Move Number: 27 Move: b5b3 Piece: None Number of Better Moves: 18 Entropy: 4.169925001442313 Conditional Entropy: 150.11730005192328 Joint Entropy: 0.9266500003205143
Player: Black Move Number: 28 Move: b6b5 Piece: None Number of Better Moves: 1 Entropy: -0.0 Conditional Entropy: -0.0 Joint Entropy: 1.5
Player: Black Move Number: 29 Move: c8c4 Piece: None Number of Better Moves: 23 Entropy: 4.523561956057013 Conditional Entropy: 212.60741193467976 Joint Entropy: 0.7755446548343735
Player: Black Move Number: 30 Move: f7f6 Piece: None Number of Better Moves: 1 Entropy: -0.0 Conditional Entropy: -0.0 Joint Entropy: -0.0
Player: Black Move Number: 31 Move: g8f7 Piece: None Number of Better Moves: 30 Entropy: 4.906890595608519 Conditional Entropy: 152.1136084638641 Joint Entropy: 5.070453615462136
Player: Black Move Number: 32 Move: f7e6 Piece: None Number of Better Moves: 2 Entropy: 1.0 Conditional Entropy: 28.0 Joint Entropy: 3.0694675405375107
Player: Black Move Number: 33 Move: f8d6 Piece: None Number of Better Moves: 27 Entropy: 4.754887502163471 Conditional Entropy: 133.13685006057713 Joint Entropy: 4.930994446688044
Player: Black Move Number: 34 Move: e6f5 Piece: None Number of Better Moves: 22 Entropy: 4.459431618637295 Conditional Entropy: 107.02635884729513 Joint Entropy: 2.977871791983982
Player: Black Move Number: 35 Move: f5g4 Piece: None Number of Better Moves: 1 Entropy: -0.0 Conditional Entropy: -0.0 Joint Entropy: 1.5
Player: Black Move Number: 36 Move: d6e5 Piece: None Number of Better Moves: 1 Entropy: -0.0 Conditional Entropy: -0.0 Joint Entropy: 1.5
Player: Black Move Number: 37 Move: b3b2 Piece: None Number of Better Moves: 1 Entropy: -0.0 Conditional Entropy: -0.0 Joint Entropy: 4.930994446688044
Player: Black Move Number: 38 Move: e5b2 Piece: R Number of Better Moves: 27 Entropy: 4.754887502163471 Conditional Entropy: 137.8917375627406 Joint Entropy: 3.0905877326433453
Player: Black Move Number: 39 Move: b2a3 Piece: P Number of Better Moves: 15 Entropy: 3.906890595608518 Conditional Entropy: 140.64806144190666 Joint Entropy: 0.9484809163871171
Player: Black Move Number: 40 Move: g4g3 Piece: P Number of Better Moves: 19 Entropy: 4.247927513443588 Conditional Entropy: 89.2064777823153 Joint Entropy: 2.9001704679556655
Player: Black Move Number: 41 Move: g3g2 Piece: None Number of Better Moves: 1 Entropy: -0.0 Conditional Entropy: -0.0 Joint Entropy: 1.5
Player: Black Move Number: 42 Move: g2h2 Piece: None Number of Better Moves: 26 Entropy: 4.700439718141092 Conditional Entropy: 131.61231210795066 Joint Entropy: 3.0694675405375107
Player: Black Move Number: 43 Move: a3f8 Piece: None Number of Better Moves: 1 Entropy: -0.0 Conditional Entropy: -0.0 Joint Entropy: -0.0
Player: Black Move Number: 44 Move: a4a3 Piece: None Number of Better Moves: 32 Entropy: 5.0 Conditional Entropy: 325.0 Joint Entropy: 0.61826289560445
Player: Black Move Number: 45 Move: c4c2 Piece: None Number of Better Moves: 2 Entropy: 1.0 Conditional Entropy: 28.0 Joint Entropy: 3.0694675405375107
Player: Black Move Number: 46 Move: c2f2 Piece: B Number of Better Moves: 22 Entropy: 4.459431618637295 Conditional Entropy: 218.51214931322755 Joint Entropy: 0.7601037658573028
Player: Black Move Number: 47 Move: f8c5 Piece: None Number of Better Moves: 24 Entropy: 4.584962500721156 Conditional Entropy: 119.20902501875013 Joint Entropy: 3.025188021223959
Player: Black Move Number: 48 Move: h2h3 Piece: None Number of Better Moves: 1 Entropy: -0.0 Conditional Entropy: -0.0 Joint Entropy: -0.0
