Game 1 and File Name wcup21-game104
Player: Black Move Number: 0 Move: g8f6 Piece: None Number of Better Moves: 16 Entropy: 4.0 Conditional Entropy: 68.0 Joint Entropy: 4.25
Player: Black Move Number: 1 Move: d7d5 Piece: None Number of Better Moves: 12 Entropy: 3.584962500721156 Conditional Entropy: 103.96391252091358 Joint Entropy: 1.0906879162606538
Player: Black Move Number: 2 Move: c7c6 Piece: None Number of Better Moves: 13 Entropy: 3.7004397181410926 Conditional Entropy: 107.31275182609173 Joint Entropy: 1.073618999163903
Player: Black Move Number: 3 Move: c8f5 Piece: None Number of Better Moves: 2 Entropy: 1.0 Conditional Entropy: 4.0 Joint Entropy: 2.0
Player: Black Move Number: 4 Move: e7e6 Piece: None Number of Better Moves: 2 Entropy: 1.0 Conditional Entropy: 15.0 Joint Entropy: 2.7117921450813998
Player: Black Move Number: 5 Move: f5e4 Piece: None Number of Better Moves: 2 Entropy: 1.0 Conditional Entropy: 16.0 Joint Entropy: 2.747059955461488
Player: Black Move Number: 6 Move: e4g6 Piece: None Number of Better Moves: 19 Entropy: 4.247927513443588 Conditional Entropy: 152.9253904839691 Joint Entropy: 0.9290218351980845
Player: Black Move Number: 7 Move: d8c7 Piece: None Number of Better Moves: 17 Entropy: 4.08746284125034 Conditional Entropy: 73.57433114250614 Joint Entropy: 4.327901831912125
Player: Black Move Number: 8 Move: f8e7 Piece: None Number of Better Moves: 16 Entropy: 4.0 Conditional Entropy: 136.0 Joint Entropy: 0.9645050348924944
Player: Black Move Number: 9 Move: a7a6 Piece: None Number of Better Moves: 2 Entropy: 1.0 Conditional Entropy: 20.0 Joint Entropy: 2.872180556356839
Player: Black Move Number: 10 Move: h7g6 Piece: N Number of Better Moves: 1 Entropy: -0.0 Conditional Entropy: -0.0 Joint Entropy: 4.327901831912125
Player: Black Move Number: 11 Move: c6d5 Piece: P Number of Better Moves: 16 Entropy: 4.0 Conditional Entropy: 128.0 Joint Entropy: 1.0
Player: Black Move Number: 12 Move: b8c6 Piece: None Number of Better Moves: 1 Entropy: -0.0 Conditional Entropy: -0.0 Joint Entropy: 4.327901831912125
Player: Black Move Number: 13 Move: a8b8 Piece: None Number of Better Moves: 15 Entropy: 3.906890595608518 Conditional Entropy: 113.299827272647 Joint Entropy: 1.0653005714872268
Player: Black Move Number: 14 Move: e7d6 Piece: None Number of Better Moves: 16 Entropy: 4.0 Conditional Entropy: 68.0 Joint Entropy: 4.25
Player: Black Move Number: 15 Move: f6d7 Piece: None Number of Better Moves: 2 Entropy: 1.0 Conditional Entropy: 4.0 Joint Entropy: 2.0
Player: Black Move Number: 16 Move: c6a5 Piece: None Number of Better Moves: 9 Entropy: 3.169925001442312 Conditional Entropy: 34.86917501586544 Joint Entropy: 2.5482875008814134
Player: Black Move Number: 17 Move: a5c4 Piece: None Number of Better Moves: 19 Entropy: 4.247927513443588 Conditional Entropy: 89.2064777823153 Joint Entropy: 2.9001704679556655
Player: Black Move Number: 18 Move: d6e7 Piece: None Number of Better Moves: 2 Entropy: 1.0 Conditional Entropy: 16.0 Joint Entropy: 2.747059955461488
Player: Black Move Number: 19 Move: c7b6 Piece: None Number of Better Moves: 2 Entropy: 1.0 Conditional Entropy: 14.0 Joint Entropy: 2.6745614587540083
Player: Black Move Number: 20 Move: d5c4 Piece: R Number of Better Moves: 2 Entropy: 1.0 Conditional Entropy: 4.0 Joint Entropy: 2.0
Player: Black Move Number: 21 Move: b8d8 Piece: None Number of Better Moves: 1 Entropy: -0.0 Conditional Entropy: -0.0 Joint Entropy: -0.0
Player: Black Move Number: 22 Move: d7b8 Piece: None Number of Better Moves: 1 Entropy: -0.0 Conditional Entropy: -0.0 Joint Entropy: 4.4015875015224415
Player: Black Move Number: 23 Move: g6f5 Piece: P Number of Better Moves: 19 Entropy: 4.247927513443588 Conditional Entropy: 174.16502805118702 Joint Entropy: 0.854071111041427
Player: Black Move Number: 24 Move: e6f5 Piece: P Number of Better Moves: 2 Entropy: 1.0 Conditional Entropy: 3.0 Joint Entropy: 1.5
Player: Black Move Number: 25 Move: b6e6 Piece: None Number of Better Moves: 1 Entropy: -0.0 Conditional Entropy: -0.0 Joint Entropy: -0.0
Player: Black Move Number: 26 Move: h8h4 Piece: None Number of Better Moves: 1 Entropy: -0.0 Conditional Entropy: -0.0 Joint Entropy: 1.5
Player: Black Move Number: 27 Move: e6g6 Piece: None Number of Better Moves: 2 Entropy: 1.0 Conditional Entropy: 14.0 Joint Entropy: 2.6745614587540083
Player: Black Move Number: 28 Move: e7g5 Piece: None Number of Better Moves: 2 Entropy: 1.0 Conditional Entropy: 3.0 Joint Entropy: 1.5
Player: Black Move Number: 29 Move: h4h2 Piece: P Number of Better Moves: 18 Entropy: 4.169925001442313 Conditional Entropy: 154.2872250533656 Joint Entropy: 0.9107033422537372
Player: Black Move Number: 30 Move: e8f8 Piece: None Number of Better Moves: 2 Entropy: 1.0 Conditional Entropy: 27.0 Joint Entropy: 3.04768234247835
Player: Black Move Number: 31 Move: h2d2 Piece: B Number of Better Moves: 2 Entropy: 1.0 Conditional Entropy: 3.0 Joint Entropy: 1.5
Player: Black Move Number: 32 Move: b8d7 Piece: None Number of Better Moves: 26 Entropy: 4.700439718141092 Conditional Entropy: 126.91187238980956 Joint Entropy: 4.881225861146518
Player: Black Move Number: 33 Move: g6b6 Piece: None Number of Better Moves: 2 Entropy: 1.0 Conditional Entropy: 4.0 Joint Entropy: 2.0
Player: Black Move Number: 34 Move: b6h6 Piece: None Number of Better Moves: 29 Entropy: 4.857980995127571 Conditional Entropy: 150.59741084895484 Joint Entropy: 3.130989842223359
Player: Black Move Number: 35 Move: g5d2 Piece: R Number of Better Moves: 2 Entropy: 1.0 Conditional Entropy: 4.0 Joint Entropy: 2.0
Player: Black Move Number: 36 Move: h6f4 Piece: None Number of Better Moves: 1 Entropy: -0.0 Conditional Entropy: -0.0 Joint Entropy: 4.601475395292034
Player: Black Move Number: 37 Move: d2c3 Piece: N Number of Better Moves: 2 Entropy: 1.0 Conditional Entropy: 15.0 Joint Entropy: 2.7117921450813998
Player: Black Move Number: 38 Move: f8g8 Piece: None Number of Better Moves: 23 Entropy: 4.523561956057013 Conditional Entropy: 208.08384997862274 Joint Entropy: 0.7867064271403503
Player: Black Move Number: 39 Move: f4f5 Piece: None Number of Better Moves: 1 Entropy: -0.0 Conditional Entropy: -0.0 Joint Entropy: 5.15625
Player: Black Move Number: 40 Move: f5g5 Piece: None Number of Better Moves: 25 Entropy: 4.643856189774723 Conditional Entropy: 125.38411712391755 Joint Entropy: 3.04768234247835
Game 2 and File Name wcup21-game105
Player: Black Move Number: 0 Move: g8f6 Piece: None Number of Better Moves: 19 Entropy: 4.247927513443588 Conditional Entropy: 152.9253904839691 Joint Entropy: 0.9290218351980845
Player: Black Move Number: 1 Move: g7g6 Piece: None Number of Better Moves: 2 Entropy: 1.0 Conditional Entropy: 3.0 Joint Entropy: 1.5
Player: Black Move Number: 2 Move: c7c5 Piece: None Number of Better Moves: 22 Entropy: 4.459431618637295 Conditional Entropy: 107.02635884729513 Joint Entropy: 2.977871791983982
Player: Black Move Number: 3 Move: b7b5 Piece: None Number of Better Moves: 2 Entropy: 1.0 Conditional Entropy: 21.0 Joint Entropy: 2.9001704679556655
Player: Black Move Number: 4 Move: a7a6 Piece: None Number of Better Moves: 22 Entropy: 4.459431618637295 Conditional Entropy: 107.02635884729513 Joint Entropy: 2.977871791983982
Player: Black Move Number: 5 Move: c8a6 Piece: P Number of Better Moves: 21 Entropy: 4.39231742277876 Conditional Entropy: 101.02330072391149 Joint Entropy: 2.952935731521703
Player: Black Move Number: 6 Move: f8g7 Piece: None Number of Better Moves: 23 Entropy: 4.523561956057013 Conditional Entropy: 221.6545358467938 Joint Entropy: 0.755812846213557
Player: Black Move Number: 7 Move: d8a5 Piece: None Number of Better Moves: 1 Entropy: -0.0 Conditional Entropy: -0.0 Joint Entropy: 4.471502645730093
Player: Black Move Number: 8 Move: f6e4 Piece: None Number of Better Moves: 1 Entropy: -0.0 Conditional Entropy: -0.0 Joint Entropy: 4.7760026049178705
Player: Black Move Number: 9 Move: e4c3 Piece: N Number of Better Moves: 1 Entropy: -0.0 Conditional Entropy: -0.0 Joint Entropy: 1.5
Player: Black Move Number: 10 Move: a5a6 Piece: B Number of Better Moves: 2 Entropy: 1.0 Conditional Entropy: 3.0 Joint Entropy: 1.5
Player: Black Move Number: 11 Move: d7d6 Piece: None Number of Better Moves: 2 Entropy: 1.0 Conditional Entropy: 3.0 Joint Entropy: 1.5
Player: Black Move Number: 12 Move: b8d7 Piece: None Number of Better Moves: 1 Entropy: -0.0 Conditional Entropy: -0.0 Joint Entropy: 1.5
Player: Black Move Number: 13 Move: e8g8 Piece: None Number of Better Moves: 2 Entropy: 1.0 Conditional Entropy: 4.0 Joint Entropy: 2.0
Player: Black Move Number: 14 Move: f8b8 Piece: None Number of Better Moves: 2 Entropy: 1.0 Conditional Entropy: 4.0 Joint Entropy: 2.0
Player: Black Move Number: 15 Move: a6f6 Piece: None Number of Better Moves: 2 Entropy: 1.0 Conditional Entropy: 31.0 Joint Entropy: 3.130989842223359
Player: Black Move Number: 16 Move: f6f4 Piece: B Number of Better Moves: 24 Entropy: 4.584962500721156 Conditional Entropy: 119.20902501875013 Joint Entropy: 3.025188021223959
Player: Black Move Number: 17 Move: f4d6 Piece: None Number of Better Moves: 2 Entropy: 1.0 Conditional Entropy: 25.0 Joint Entropy: 3.0019358456831577
Player: Black Move Number: 18 Move: b8e8 Piece: None Number of Better Moves: 2 Entropy: 1.0 Conditional Entropy: 27.0 Joint Entropy: 3.04768234247835
Player: Black Move Number: 19 Move: d7b6 Piece: None Number of Better Moves: 1 Entropy: -0.0 Conditional Entropy: -0.0 Joint Entropy: 1.5
Player: Black Move Number: 20 Move: a8a7 Piece: None Number of Better Moves: 2 Entropy: 1.0 Conditional Entropy: 4.0 Joint Entropy: 2.0
Player: Black Move Number: 21 Move: g7d4 Piece: None Number of Better Moves: 1 Entropy: -0.0 Conditional Entropy: -0.0 Joint Entropy: 1.5
Player: Black Move Number: 22 Move: d6e5 Piece: None Number of Better Moves: 26 Entropy: 4.700439718141092 Conditional Entropy: 131.61231210795066 Joint Entropy: 3.0694675405375107
Player: Black Move Number: 23 Move: f7f5 Piece: None Number of Better Moves: 23 Entropy: 4.523561956057013 Conditional Entropy: 257.84303149525 Joint Entropy: 0.7005478432819944
Player: Black Move Number: 24 Move: b6c8 Piece: None Number of Better Moves: 2 Entropy: 1.0 Conditional Entropy: 26.0 Joint Entropy: 3.025188021223959
Player: Black Move Number: 25 Move: e5e2 Piece: Q Number of Better Moves: 22 Entropy: 4.459431618637295 Conditional Entropy: 107.02635884729513 Joint Entropy: 2.977871791983982
Player: Black Move Number: 26 Move: c8d6 Piece: P Number of Better Moves: 22 Entropy: 4.459431618637295 Conditional Entropy: 102.56692722865783 Joint Entropy: 4.662133055848081
Player: Black Move Number: 27 Move: c5d4 Piece: N Number of Better Moves: 1 Entropy: -0.0 Conditional Entropy: -0.0 Joint Entropy: 1.5
Player: Black Move Number: 28 Move: a7e7 Piece: P Number of Better Moves: 27 Entropy: 4.754887502163471 Conditional Entropy: 247.25415011250007 Joint Entropy: 0.7240513658974613
Player: Black Move Number: 29 Move: e8e7 Piece: R Number of Better Moves: 32 Entropy: 5.0 Conditional Entropy: 165.0 Joint Entropy: 5.15625
Player: Black Move Number: 30 Move: d6b7 Piece: None Number of Better Moves: 27 Entropy: 4.754887502163471 Conditional Entropy: 133.13685006057713 Joint Entropy: 4.930994446688044
Player: Black Move Number: 31 Move: b7c5 Piece: P Number of Better Moves: 23 Entropy: 4.523561956057013 Conditional Entropy: 113.0890489014253 Joint Entropy: 3.0019358456831577
Player: Black Move Number: 32 Move: e7e2 Piece: None Number of Better Moves: 29 Entropy: 4.857980995127571 Conditional Entropy: 204.03520179535818 Joint Entropy: 0.9534580104967741
Player: Black Move Number: 33 Move: e2c2 Piece: None Number of Better Moves: 15 Entropy: 3.906890595608518 Conditional Entropy: 66.4171401253448 Joint Entropy: 2.780571337511494
Player: Black Move Number: 34 Move: c5e6 Piece: None Number of Better Moves: 27 Entropy: 4.754887502163471 Conditional Entropy: 137.8917375627406 Joint Entropy: 3.0905877326433453
Player: Black Move Number: 35 Move: e6f4 Piece: None Number of Better Moves: 23 Entropy: 4.523561956057013 Conditional Entropy: 113.0890489014253 Joint Entropy: 3.0019358456831577
Player: Black Move Number: 36 Move: f4g2 Piece: P Number of Better Moves: 20 Entropy: 4.321928094887363 Conditional Entropy: 190.16483617504412 Joint Entropy: 0.8164649712641134
Game 3 and File Name wcup21-game106
Player: Black Move Number: 0 Move: g8f6 Piece: None Number of Better Moves: 22 Entropy: 4.459431618637295 Conditional Entropy: 169.4584015082173 Joint Entropy: 0.9132340951937986
Player: Black Move Number: 1 Move: e7e6 Piece: None Number of Better Moves: 22 Entropy: 4.459431618637295 Conditional Entropy: 164.99896988958 Joint Entropy: 0.938042187657864
Player: Black Move Number: 2 Move: f8b4 Piece: None Number of Better Moves: 2 Entropy: 1.0 Conditional Entropy: 20.0 Joint Entropy: 2.872180556356839
Player: Black Move Number: 3 Move: e8g8 Piece: None Number of Better Moves: 2 Entropy: 1.0 Conditional Entropy: 4.0 Joint Entropy: 2.0
Player: Black Move Number: 4 Move: f8e8 Piece: None Number of Better Moves: 17 Entropy: 4.08746284125034 Conditional Entropy: 147.14866228501225 Joint Entropy: 0.9290218351980845
Player: Black Move Number: 5 Move: b4f8 Piece: None Number of Better Moves: 2 Entropy: 1.0 Conditional Entropy: 4.0 Joint Entropy: 2.0
Player: Black Move Number: 6 Move: d7d5 Piece: None Number of Better Moves: 19 Entropy: 4.247927513443588 Conditional Entropy: 169.91710053774344 Joint Entropy: 0.8661899685435945
Player: Black Move Number: 7 Move: b7b6 Piece: None Number of Better Moves: 2 Entropy: 1.0 Conditional Entropy: 27.0 Joint Entropy: 3.04768234247835
Player: Black Move Number: 8 Move: e6d5 Piece: P Number of Better Moves: 2 Entropy: 1.0 Conditional Entropy: 3.0 Joint Entropy: 1.5
Player: Black Move Number: 9 Move: c8b7 Piece: None Number of Better Moves: 13 Entropy: 3.7004397181410926 Conditional Entropy: 114.71363126237392 Joint Entropy: 1.042655155158485
Player: Black Move Number: 10 Move: b8d7 Piece: None Number of Better Moves: 21 Entropy: 4.39231742277876 Conditional Entropy: 101.02330072391149 Joint Entropy: 2.952935731521703
Player: Black Move Number: 11 Move: c7c6 Piece: None Number of Better Moves: 1 Entropy: -0.0 Conditional Entropy: -0.0 Joint Entropy: -0.0
Player: Black Move Number: 12 Move: a7a5 Piece: None Number of Better Moves: 1 Entropy: -0.0 Conditional Entropy: -0.0 Joint Entropy: 4.167349968649086
Player: Black Move Number: 13 Move: c6c5 Piece: None Number of Better Moves: 1 Entropy: -0.0 Conditional Entropy: -0.0 Joint Entropy: 1.5
Player: Black Move Number: 14 Move: a5a4 Piece: None Number of Better Moves: 24 Entropy: 4.584962500721156 Conditional Entropy: 119.20902501875013 Joint Entropy: 3.025188021223959
Player: Black Move Number: 15 Move: b7d5 Piece: N Number of Better Moves: 1 Entropy: -0.0 Conditional Entropy: -0.0 Joint Entropy: 1.5
Player: Black Move Number: 16 Move: f6d5 Piece: B Number of Better Moves: 1 Entropy: -0.0 Conditional Entropy: -0.0 Joint Entropy: -0.0
Player: Black Move Number: 17 Move: c5d4 Piece: P Number of Better Moves: 17 Entropy: 4.08746284125034 Conditional Entropy: 77.66179398375648 Joint Entropy: 2.842993940698719
Player: Black Move Number: 18 Move: d7c5 Piece: None Number of Better Moves: 23 Entropy: 4.523561956057013 Conditional Entropy: 113.0890489014253 Joint Entropy: 3.0019358456831577
Player: Black Move Number: 19 Move: d8f6 Piece: None Number of Better Moves: 2 Entropy: 1.0 Conditional Entropy: 4.0 Joint Entropy: 2.0
Player: Black Move Number: 20 Move: c5b3 Piece: None Number of Better Moves: 2 Entropy: 1.0 Conditional Entropy: 4.0 Joint Entropy: 2.0
Player: Black Move Number: 21 Move: f6g6 Piece: None Number of Better Moves: 24 Entropy: 4.584962500721156 Conditional Entropy: 206.32331253245218 Joint Entropy: 0.8015428503124932
Player: Black Move Number: 22 Move: h7g6 Piece: Q Number of Better Moves: 1 Entropy: -0.0 Conditional Entropy: -0.0 Joint Entropy: 1.5
Player: Black Move Number: 23 Move: a8a5 Piece: None Number of Better Moves: 28 Entropy: 4.807354922057602 Conditional Entropy: 187.4868419602466 Joint Entropy: 1.0467684256074714
Player: Black Move Number: 24 Move: b3d4 Piece: N Number of Better Moves: 23 Entropy: 4.523561956057013 Conditional Entropy: 208.08384997862274 Joint Entropy: 0.7867064271403503
Player: Black Move Number: 25 Move: a5b5 Piece: P Number of Better Moves: 2 Entropy: 1.0 Conditional Entropy: 20.0 Joint Entropy: 2.872180556356839
Player: Black Move Number: 26 Move: e8c8 Piece: None Number of Better Moves: 1 Entropy: -0.0 Conditional Entropy: -0.0 Joint Entropy: -0.0
Player: Black Move Number: 27 Move: b5b3 Piece: None Number of Better Moves: 27 Entropy: 4.754887502163471 Conditional Entropy: 133.13685006057713 Joint Entropy: 4.930994446688044
Player: Black Move Number: 28 Move: b6b5 Piece: None Number of Better Moves: 2 Entropy: 1.0 Conditional Entropy: 4.0 Joint Entropy: 2.0
Player: Black Move Number: 29 Move: c8c4 Piece: None Number of Better Moves: 2 Entropy: 1.0 Conditional Entropy: 4.0 Joint Entropy: 2.0
Player: Black Move Number: 30 Move: f7f6 Piece: None Number of Better Moves: 20 Entropy: 4.321928094887363 Conditional Entropy: 90.76048999263465 Joint Entropy: 4.538024499631731
Player: Black Move Number: 31 Move: g8f7 Piece: None Number of Better Moves: 1 Entropy: -0.0 Conditional Entropy: -0.0 Joint Entropy: 4.9790461692739445
Player: Black Move Number: 32 Move: f7e6 Piece: None Number of Better Moves: 2 Entropy: 1.0 Conditional Entropy: 30.0 Joint Entropy: 3.1110829939594318
Player: Black Move Number: 33 Move: f8d6 Piece: None Number of Better Moves: 18 Entropy: 4.169925001442313 Conditional Entropy: 83.39850002884626 Joint Entropy: 2.872180556356839
Player: Black Move Number: 34 Move: e6f5 Piece: None Number of Better Moves: 23 Entropy: 4.523561956057013 Conditional Entropy: 113.0890489014253 Joint Entropy: 3.0019358456831577
Player: Black Move Number: 35 Move: f5g4 Piece: None Number of Better Moves: 24 Entropy: 4.584962500721156 Conditional Entropy: 238.4180500375003 Joint Entropy: 0.7267864672388322
Player: Black Move Number: 36 Move: d6e5 Piece: None Number of Better Moves: 2 Entropy: 1.0 Conditional Entropy: 4.0 Joint Entropy: 2.0
Player: Black Move Number: 37 Move: b3b2 Piece: None Number of Better Moves: 15 Entropy: 3.906890595608518 Conditional Entropy: 66.4171401253448 Joint Entropy: 2.780571337511494
Player: Black Move Number: 38 Move: e5b2 Piece: R Number of Better Moves: 2 Entropy: 1.0 Conditional Entropy: 28.0 Joint Entropy: 3.0694675405375107
Player: Black Move Number: 39 Move: b2a3 Piece: P Number of Better Moves: 2 Entropy: 1.0 Conditional Entropy: 4.0 Joint Entropy: 2.0
Player: Black Move Number: 40 Move: g4g3 Piece: P Number of Better Moves: 2 Entropy: 1.0 Conditional Entropy: 4.0 Joint Entropy: 2.0
Player: Black Move Number: 41 Move: g3g2 Piece: None Number of Better Moves: 20 Entropy: 4.321928094887363 Conditional Entropy: 90.76048999263465 Joint Entropy: 4.538024499631731
Player: Black Move Number: 42 Move: g2h2 Piece: None Number of Better Moves: 26 Entropy: 4.700439718141092 Conditional Entropy: 216.22022703449042 Joint Entropy: 0.7981325373063629
Player: Black Move Number: 43 Move: a3f8 Piece: None Number of Better Moves: 29 Entropy: 4.857980995127571 Conditional Entropy: 150.59741084895484 Joint Entropy: 3.130989842223359
Player: Black Move Number: 44 Move: a4a3 Piece: None Number of Better Moves: 1 Entropy: -0.0 Conditional Entropy: -0.0 Joint Entropy: 1.5
Player: Black Move Number: 45 Move: c4c2 Piece: None Number of Better Moves: 38 Entropy: 5.247927513443589 Conditional Entropy: 383.0987084813817 Joint Entropy: 0.5695762170814769
Player: Black Move Number: 46 Move: c2f2 Piece: B Number of Better Moves: 35 Entropy: 5.129283016944964 Conditional Entropy: 189.7834716269636 Joint Entropy: 3.239763880385196
Player: Black Move Number: 47 Move: f8c5 Piece: None Number of Better Moves: 37 Entropy: 5.209453365628954 Conditional Entropy: 401.1279091534297 Joint Entropy: 0.5479164678782145
Player: Black Move Number: 48 Move: h2h3 Piece: None Number of Better Moves: 33 Entropy: 5.044394119358456 Conditional Entropy: 171.50940005818748 Joint Entropy: 5.1972545472178036
